{"ts":1774133954.5081172,"lvl":"INFO","script":"run_all","event":"startup","collectors":["binance_spot","binance_futures","bybit_spot","bybit_futures","okx_spot","okx_futures","gate_spot","gate_futures","bitget_spot","bitget_futures","ob_binance_spot","ob_binance_futures","ob_bybit_spot","ob_bybit_futures","ob_okx_spot","ob_okx_futures","ob_gate_spot","ob_gate_futures","ob_bitget_spot","ob_bitget_futures","fr_binance_futures","fr_bybit_futures","fr_okx_futures","fr_gate_futures","fr_bitget_futures"],"staleness_buckets":false,"log_dir":"/root/bali3.0/logs","chunk_hours":12,"max_chunks":2,"spread_delay_sec":60.0}
{"ts":1774133954.5082376,"lvl":"INFO","script":"run_all","event":"archived","folder":"/root/bali3.0/old/2026-03-21_23-59","note":"logs and signals moved before start"}
{"ts":1774133954.6169481,"lvl":"INFO","script":"run_all","event":"redis_flushed","deleted_keys":19277,"socket":"/var/run/redis/redis.sock"}
{"ts":1774133954.6170843,"lvl":"INFO","script":"run_all","event":"collector_started","collector":"binance_spot"}
{"ts":1774133954.6199954,"lvl":"INFO","script":"run_all","event":"collector_started","collector":"binance_spot"}
{"ts":1774133954.6200066,"lvl":"INFO","script":"binance_spot","event":"startup"}
{"ts":1774133954.6200426,"lvl":"INFO","script":"binance_spot","event":"symbols_loaded","count":337,"file":"/root/bali3.0/dictionaries/subscribe/binance/binance_spot.txt"}
{"ts":1774133954.620397,"lvl":"INFO","script":"binance_spot","event":"redis_connected","socket":"/var/run/redis/redis.sock"}
{"ts":1774133954.6204066,"lvl":"INFO","script":"binance_spot","event":"subscribing","total_symbols":337,"connections":2}
{"ts":1774133954.62046,"lvl":"INFO","script":"binance_spot","event":"connecting","chunk_symbols":300}
{"ts":1774133954.624917,"lvl":"INFO","script":"binance_spot","event":"connecting","chunk_symbols":37}
{"ts":1774133955.6180866,"lvl":"INFO","script":"run_all","event":"collector_started","collector":"binance_futures"}
{"ts":1774133955.6190076,"lvl":"INFO","script":"run_all","event":"collector_started","collector":"binance_futures"}
{"ts":1774133955.6190479,"lvl":"INFO","script":"binance_futures","event":"startup"}
{"ts":1774133955.6193151,"lvl":"INFO","script":"binance_futures","event":"symbols_loaded","count":526,"file":"/root/bali3.0/dictionaries/subscribe/binance/binance_futures.txt"}
{"ts":1774133955.621148,"lvl":"INFO","script":"binance_futures","event":"redis_connected","socket":"/var/run/redis/redis.sock"}
{"ts":1774133955.6212,"lvl":"INFO","script":"binance_futures","event":"subscribing","total_symbols":526,"connections":2}
{"ts":1774133955.6214345,"lvl":"INFO","script":"binance_futures","event":"connecting","chunk_symbols":300}
{"ts":1774133955.6219468,"lvl":"INFO","script":"binance_futures","event":"connecting","chunk_symbols":226}
{"ts":1774133955.6461396,"lvl":"INFO","script":"binance_spot","event":"connected","chunk_symbols":300,"subscribe_ms":0.0,"note":"streams_embedded_in_url"}
{"ts":1774133955.6463022,"lvl":"INFO","script":"binance_spot","event":"connected","chunk_symbols":37,"subscribe_ms":0.0,"note":"streams_embedded_in_url"}
{"ts":1774133955.7396674,"lvl":"INFO","script":"binance_spot","event":"first_message","chunk_symbols":300,"ms_since_connected":93.5,"first_sym":"ARKMUSDT"}
{"ts":1774133955.7478912,"lvl":"INFO","script":"binance_spot","event":"first_message","chunk_symbols":37,"ms_since_connected":101.6,"first_sym":"TWTUSDT"}
{"ts":1774133956.3738546,"lvl":"INFO","script":"binance_futures","event":"connected","chunk_symbols":300,"subscribe_ms":0.0,"note":"streams_embedded_in_url"}
{"ts":1774133956.399037,"lvl":"INFO","script":"binance_futures","event":"first_message","chunk_symbols":300,"ms_since_connected":25.1,"first_sym":"ENAUSDC"}
{"ts":1774133956.405163,"lvl":"INFO","script":"binance_futures","event":"connected","chunk_symbols":226,"subscribe_ms":0.0,"note":"streams_embedded_in_url"}
{"ts":1774133956.4335425,"lvl":"INFO","script":"binance_futures","event":"first_message","chunk_symbols":226,"ms_since_connected":28.3,"first_sym":"POWERUSDT"}
{"ts":1774133956.6190984,"lvl":"INFO","script":"run_all","event":"collector_started","collector":"bybit_spot"}
{"ts":1774133956.6199112,"lvl":"INFO","script":"run_all","event":"collector_started","collector":"bybit_spot"}
{"ts":1774133956.61994,"lvl":"INFO","script":"bybit_spot","event":"startup"}
{"ts":1774133956.6201065,"lvl":"INFO","script":"bybit_spot","event":"symbols_loaded","count":340,"file":"/root/bali3.0/dictionaries/subscribe/bybit/bybit_spot.txt"}
{"ts":1774133956.6214352,"lvl":"INFO","script":"bybit_spot","event":"redis_connected","socket":"/var/run/redis/redis.sock"}
{"ts":1774133956.6216028,"lvl":"INFO","script":"bybit_spot","event":"connecting","total_symbols":340}
{"ts":1774133957.1284752,"lvl":"INFO","script":"bybit_spot","event":"connected"}
{"ts":1774133957.6200726,"lvl":"INFO","script":"run_all","event":"collector_started","collector":"bybit_futures"}
{"ts":1774133957.6206937,"lvl":"INFO","script":"run_all","event":"collector_started","collector":"bybit_futures"}
{"ts":1774133957.6207216,"lvl":"INFO","script":"bybit_futures","event":"startup"}
{"ts":1774133957.6208844,"lvl":"INFO","script":"bybit_futures","event":"symbols_loaded","count":490,"file":"/root/bali3.0/dictionaries/subscribe/bybit/bybit_futures.txt"}
{"ts":1774133957.622405,"lvl":"INFO","script":"bybit_futures","event":"redis_connected","socket":"/var/run/redis/redis.sock"}
{"ts":1774133957.6227438,"lvl":"INFO","script":"bybit_futures","event":"connecting","total_symbols":490}
{"ts":1774133957.831226,"lvl":"INFO","script":"bybit_spot","event":"subscribed","sub_batches":34,"total_symbols":340,"subscribe_ms":702.7}
{"ts":1774133957.8314183,"lvl":"INFO","script":"bybit_spot","event":"first_message","ms_since_connected":702.9,"first_sym":"0GUSDT"}
{"ts":1774133958.1730402,"lvl":"INFO","script":"bybit_futures","event":"connected"}
{"ts":1774133958.234895,"lvl":"INFO","script":"bybit_futures","event":"subscribed","sub_batches":3,"total_symbols":490,"subscribe_ms":61.8}
{"ts":1774133958.3521147,"lvl":"INFO","script":"bybit_futures","event":"first_message","ms_since_connected":179.1,"first_sym":"1000CATUSDT"}
{"ts":1774133958.6212332,"lvl":"INFO","script":"run_all","event":"collector_started","collector":"okx_spot"}
{"ts":1774133958.6220012,"lvl":"INFO","script":"run_all","event":"collector_started","collector":"okx_spot"}
{"ts":1774133958.6220324,"lvl":"INFO","script":"okx_spot","event":"startup"}
{"ts":1774133958.6221685,"lvl":"INFO","script":"okx_spot","event":"symbols_loaded","count":284,"file":"/root/bali3.0/dictionaries/subscribe/okx/okx_spot.txt"}
{"ts":1774133958.6235633,"lvl":"INFO","script":"okx_spot","event":"redis_connected","socket":"/var/run/redis/redis.sock"}
{"ts":1774133958.6236062,"lvl":"INFO","script":"okx_spot","event":"subscribing","total_symbols":284,"connections":1}
{"ts":1774133958.6240952,"lvl":"INFO","script":"okx_spot","event":"connecting","chunk_symbols":284}
{"ts":1774133959.2803288,"lvl":"INFO","script":"okx_spot","event":"connected","chunk_symbols":284}
{"ts":1774133959.6215463,"lvl":"INFO","script":"run_all","event":"collector_started","collector":"okx_futures"}
{"ts":1774133959.6222117,"lvl":"INFO","script":"run_all","event":"collector_started","collector":"okx_futures"}
{"ts":1774133959.6222446,"lvl":"INFO","script":"okx_futures","event":"startup"}
{"ts":1774133959.622376,"lvl":"INFO","script":"okx_futures","event":"symbols_loaded","count":246,"file":"/root/bali3.0/dictionaries/subscribe/okx/okx_futures.txt"}
{"ts":1774133959.6238022,"lvl":"INFO","script":"okx_futures","event":"redis_connected","socket":"/var/run/redis/redis.sock"}
{"ts":1774133959.6238468,"lvl":"INFO","script":"okx_futures","event":"subscribing","total_symbols":246,"connections":1}
{"ts":1774133959.6240268,"lvl":"INFO","script":"okx_futures","event":"connecting","chunk_symbols":246}
{"ts":1774133960.0415225,"lvl":"INFO","script":"okx_spot","event":"subscribed","chunk_symbols":284,"sub_batches":15,"subscribe_ms":761.1}
{"ts":1774133960.041727,"lvl":"INFO","script":"okx_spot","event":"first_message","chunk_symbols":284,"ms_since_connected":761.4,"first_sym":"1INCHUSDT"}
{"ts":1774133960.2523081,"lvl":"INFO","script":"okx_futures","event":"connected","chunk_symbols":246}
{"ts":1774133960.6217406,"lvl":"INFO","script":"run_all","event":"collector_started","collector":"gate_spot"}
{"ts":1774133960.622343,"lvl":"INFO","script":"run_all","event":"collector_started","collector":"gate_spot"}
{"ts":1774133960.6223714,"lvl":"INFO","script":"gate_spot","event":"startup"}
{"ts":1774133960.6225536,"lvl":"INFO","script":"gate_spot","event":"symbols_loaded","count":490,"file":"/root/bali3.0/dictionaries/subscribe/gate/gate_spot.txt"}
{"ts":1774133960.6239705,"lvl":"INFO","script":"gate_spot","event":"redis_connected","socket":"/var/run/redis/redis.sock"}
{"ts":1774133960.6244342,"lvl":"INFO","script":"gate_spot","event":"connecting","total_symbols":490}
