{"ts":1774028369.764359,"lvl":"INFO","script":"run_all","event":"startup","collectors":["binance_spot","binance_futures","bybit_spot","bybit_futures","okx_spot","okx_futures","gate_spot","gate_futures"],"staleness_buckets":false}
{"ts":1774028369.7844236,"lvl":"INFO","script":"run_all","event":"collector_started","collector":"staleness_monitor"}
{"ts":1774028369.791185,"lvl":"INFO","script":"run_all","event":"collector_started","collector":"binance_spot"}
{"ts":1774028369.7911966,"lvl":"INFO","script":"binance_spot","event":"startup"}
{"ts":1774028369.791242,"lvl":"INFO","script":"binance_spot","event":"symbols_loaded","count":383,"file":"/root/bali3.0/dictionaries/subscribe/binance/binance_spot.txt"}
{"ts":1774028369.791582,"lvl":"INFO","script":"binance_spot","event":"redis_connected","socket":"/var/run/redis/redis.sock"}
{"ts":1774028369.791593,"lvl":"INFO","script":"binance_spot","event":"subscribing","total_symbols":383,"connections":2}
{"ts":1774028369.7917597,"lvl":"INFO","script":"run_all","event":"collector_started","collector":"binance_futures"}
{"ts":1774028369.791767,"lvl":"INFO","script":"binance_futures","event":"startup"}
{"ts":1774028369.7918239,"lvl":"INFO","script":"binance_futures","event":"symbols_loaded","count":279,"file":"/root/bali3.0/dictionaries/subscribe/binance/binance_futures.txt"}
{"ts":1774028369.7921157,"lvl":"INFO","script":"binance_futures","event":"redis_connected","socket":"/var/run/redis/redis.sock"}
{"ts":1774028369.7921245,"lvl":"INFO","script":"binance_futures","event":"subscribing","total_symbols":279,"connections":1}
{"ts":1774028369.7922306,"lvl":"INFO","script":"run_all","event":"collector_started","collector":"bybit_spot"}
{"ts":1774028369.7922363,"lvl":"INFO","script":"bybit_spot","event":"startup"}
{"ts":1774028369.7922678,"lvl":"INFO","script":"bybit_spot","event":"symbols_loaded","count":341,"file":"/root/bali3.0/dictionaries/subscribe/bybit/bybit_spot.txt"}
{"ts":1774028369.7925482,"lvl":"INFO","script":"bybit_spot","event":"redis_connected","socket":"/var/run/redis/redis.sock"}
{"ts":1774028369.7926593,"lvl":"INFO","script":"run_all","event":"collector_started","collector":"bybit_futures"}
{"ts":1774028369.7926652,"lvl":"INFO","script":"bybit_futures","event":"startup"}
{"ts":1774028369.792702,"lvl":"INFO","script":"bybit_futures","event":"symbols_loaded","count":502,"file":"/root/bali3.0/dictionaries/subscribe/bybit/bybit_futures.txt"}
{"ts":1774028369.7929678,"lvl":"INFO","script":"bybit_futures","event":"redis_connected","socket":"/var/run/redis/redis.sock"}
{"ts":1774028369.7930768,"lvl":"INFO","script":"run_all","event":"collector_started","collector":"okx_spot"}
{"ts":1774028369.7930825,"lvl":"INFO","script":"okx_spot","event":"startup"}
{"ts":1774028369.793111,"lvl":"INFO","script":"okx_spot","event":"symbols_loaded","count":278,"file":"/root/bali3.0/dictionaries/subscribe/okx/okx_spot.txt"}
{"ts":1774028369.7933993,"lvl":"INFO","script":"okx_spot","event":"redis_connected","socket":"/var/run/redis/redis.sock"}
{"ts":1774028369.7934072,"lvl":"INFO","script":"okx_spot","event":"subscribing","total_symbols":278,"connections":1}
{"ts":1774028369.7935615,"lvl":"INFO","script":"run_all","event":"collector_started","collector":"okx_futures"}
{"ts":1774028369.793568,"lvl":"INFO","script":"okx_futures","event":"startup"}
{"ts":1774028369.7935975,"lvl":"INFO","script":"okx_futures","event":"symbols_loaded","count":247,"file":"/root/bali3.0/dictionaries/subscribe/okx/okx_futures.txt"}
{"ts":1774028369.7939065,"lvl":"INFO","script":"okx_futures","event":"redis_connected","socket":"/var/run/redis/redis.sock"}
{"ts":1774028369.7939148,"lvl":"INFO","script":"okx_futures","event":"subscribing","total_symbols":247,"connections":1}
{"ts":1774028369.7940187,"lvl":"INFO","script":"run_all","event":"collector_started","collector":"gate_spot"}
{"ts":1774028369.7940242,"lvl":"INFO","script":"gate_spot","event":"startup"}
{"ts":1774028369.7940676,"lvl":"INFO","script":"gate_spot","event":"symbols_loaded","count":540,"file":"/root/bali3.0/dictionaries/subscribe/gate/gate_spot.txt"}
{"ts":1774028369.794342,"lvl":"INFO","script":"gate_spot","event":"redis_connected","socket":"/var/run/redis/redis.sock"}
{"ts":1774028369.7944498,"lvl":"INFO","script":"run_all","event":"collector_started","collector":"gate_futures"}
{"ts":1774028369.7944553,"lvl":"INFO","script":"gate_futures","event":"startup"}
{"ts":1774028369.7944922,"lvl":"INFO","script":"gate_futures","event":"symbols_loaded","count":465,"file":"/root/bali3.0/dictionaries/subscribe/gate/gate_futures.txt"}
{"ts":1774028369.7947524,"lvl":"INFO","script":"gate_futures","event":"redis_connected","socket":"/var/run/redis/redis.sock"}
{"ts":1774028369.7947717,"lvl":"INFO","script":"staleness_monitor","event":"startup","check_interval_sec":60,"stale_threshold_sec":300,"with_buckets":false}
{"ts":1774028369.7950258,"lvl":"INFO","script":"staleness_monitor","event":"redis_connected","socket":"/var/run/redis/redis.sock"}
{"ts":1774028369.795033,"lvl":"INFO","script":"staleness_monitor","event":"check_start","cycle":1,"pattern":"md:*"}
{"ts":1774028369.795204,"lvl":"INFO","script":"binance_spot","event":"connecting","chunk_symbols":300}
{"ts":1774028369.7995331,"lvl":"INFO","script":"binance_spot","event":"connecting","chunk_symbols":83}
{"ts":1774028369.8005614,"lvl":"INFO","script":"binance_futures","event":"connecting","chunk_symbols":279}
{"ts":1774028369.8013184,"lvl":"INFO","script":"bybit_spot","event":"connecting","total_symbols":341}
{"ts":1774028369.8014169,"lvl":"INFO","script":"bybit_futures","event":"connecting","total_symbols":502}
{"ts":1774028369.8014839,"lvl":"INFO","script":"okx_spot","event":"connecting","chunk_symbols":278}
{"ts":1774028369.8017879,"lvl":"INFO","script":"okx_futures","event":"connecting","chunk_symbols":247}
{"ts":1774028369.8019698,"lvl":"INFO","script":"gate_spot","event":"connecting","total_symbols":540}
{"ts":1774028369.8023038,"lvl":"INFO","script":"gate_futures","event":"connecting","total_symbols":465}
{"ts":1774028369.8039746,"lvl":"INFO","script":"staleness_monitor","event":"scan_complete","cycle":1,"keys_found":2934,"scan_ms":8.9}
{"ts":1774028369.816076,"lvl":"INFO","script":"staleness_monitor","event":"fetch_complete","cycle":1,"keys_fetched":2934,"fetch_ms":12.1}
{"ts":1774028369.8163066,"lvl":"WARN","script":"staleness_monitor","event":"check","total_keys":2934,"keys_with_ts":2934,"keys_no_ts":0,"stale_count":14,"stale_threshold_sec":300,"scan_ms":8.9,"stale_by_source":{"gt:f":3,"gt:s":11},"top_stale":[{"key":"md:gt:s:GNOUSDT","age_sec":4520.3},{"key":"md:gt:s:BEAMUSDT","age_sec":3945.2},{"key":"md:gt:s:ASPUSDT","age_sec":3488.7},{"key":"md:gt:f:WAVESUSDT","age_sec":3482.5},{"key":"md:gt:s:YZYUSDT","age_sec":3307.7},{"key":"md:gt:s:AVLUSDT","age_sec":3287.4},{"key":"md:gt:s:WIFUSDC","age_sec":3137.8},{"key":"md:gt:s:IRUSDT","age_sec":3120.7},{"key":"md:gt:s:MAVUSDT","age_sec":3117.1},{"key":"md:gt:s:AVAUSDT","age_sec":3110.1}]}
{"ts":1774028369.8163202,"lvl":"INFO","script":"staleness_monitor","event":"check_complete","cycle":1,"total_ms":21.3}
{"ts":1774028370.3267577,"lvl":"INFO","script":"bybit_spot","event":"connected"}
{"ts":1774028370.3433373,"lvl":"INFO","script":"bybit_futures","event":"connected"}
{"ts":1774028370.4067407,"lvl":"INFO","script":"bybit_futures","event":"subscribed","sub_batches":3,"total_symbols":502,"subscribe_ms":63.3}
{"ts":1774028370.4370234,"lvl":"INFO","script":"okx_futures","event":"connected","chunk_symbols":247}
{"ts":1774028370.447215,"lvl":"INFO","script":"okx_spot","event":"connected","chunk_symbols":278}
{"ts":1774028370.5230188,"lvl":"INFO","script":"bybit_futures","event":"first_message","ms_since_connected":179.6,"first_sym":"0GUSDT"}
{"ts":1774028370.541766,"lvl":"INFO","script":"binance_spot","event":"connected","chunk_symbols":300,"subscribe_ms":0.0,"note":"streams_embedded_in_url"}
{"ts":1774028370.5495257,"lvl":"INFO","script":"binance_futures","event":"connected","chunk_symbols":279,"subscribe_ms":0.0,"note":"streams_embedded_in_url"}
{"ts":1774028370.5845816,"lvl":"INFO","script":"binance_spot","event":"connected","chunk_symbols":83,"subscribe_ms":0.0,"note":"streams_embedded_in_url"}
{"ts":1774028370.5890203,"lvl":"INFO","script":"binance_spot","event":"first_message","chunk_symbols":300,"ms_since_connected":47.2,"first_sym":"BTCUSDT"}
{"ts":1774028370.644114,"lvl":"INFO","script":"binance_spot","event":"first_message","chunk_symbols":83,"ms_since_connected":59.5,"first_sym":"TLMUSDT"}
{"ts":1774028370.6445825,"lvl":"INFO","script":"binance_futures","event":"first_message","chunk_symbols":279,"ms_since_connected":95.0,"first_sym":"AEROUSDT"}
{"ts":1774028370.8221536,"lvl":"INFO","script":"gate_spot","event":"connected"}
{"ts":1774028370.8292181,"lvl":"INFO","script":"gate_futures","event":"connected"}
{"ts":1774028370.9346976,"lvl":"INFO","script":"gate_futures","event":"subscribed","sub_batches":5,"total_symbols":465,"subscribe_ms":105.4}
{"ts":1774028370.9557881,"lvl":"INFO","script":"gate_spot","event":"subscribed","sub_batches":6,"total_symbols":540,"subscribe_ms":133.6}
{"ts":1774028371.067992,"lvl":"INFO","script":"bybit_spot","event":"subscribed","sub_batches":35,"total_symbols":341,"subscribe_ms":741.2}
{"ts":1774028371.06809,"lvl":"INFO","script":"bybit_spot","event":"first_message","ms_since_connected":741.3,"first_sym":"0GUSDT"}
{"ts":1774028371.0778651,"lvl":"INFO","script":"gate_spot","event":"first_message","ms_since_connected":255.7,"first_sym":"ATOMUSDT"}
{"ts":1774028371.0965455,"lvl":"INFO","script":"gate_futures","event":"first_message","ms_since_connected":267.3,"first_sym":"BNBUSDT"}
{"ts":1774028371.1037471,"lvl":"INFO","script":"okx_futures","event":"subscribed","chunk_symbols":247,"sub_batches":13,"subscribe_ms":666.7}
{"ts":1774028371.1038477,"lvl":"INFO","script":"okx_futures","event":"first_message","chunk_symbols":247,"ms_since_connected":666.8,"first_sym":"0GUSDT"}
{"ts":1774028371.158903,"lvl":"INFO","script":"okx_spot","event":"subscribed","chunk_symbols":278,"sub_batches":14,"subscribe_ms":711.6}
{"ts":1774028371.1591058,"lvl":"INFO","script":"okx_spot","event":"first_message","chunk_symbols":278,"ms_since_connected":711.9,"first_sym":"1INCHUSDT"}
{"ts":1774028399.8006592,"lvl":"INFO","script":"binance_spot","event":"stats","msgs_total":49870,"msgs_per_sec":1662.3,"flushes_total":2288,"avg_pipeline_ms":0.693}
{"ts":1774028399.801431,"lvl":"INFO","script":"binance_futures","event":"stats","msgs_total":113552,"msgs_per_sec":3785.1,"flushes_total":1774,"avg_pipeline_ms":1.13}
{"ts":1774028399.8015761,"lvl":"INFO","script":"bybit_spot","event":"stats","msgs_total":18448,"msgs_per_sec":614.9,"flushes_total":1307,"avg_pipeline_ms":0.603}
{"ts":1774028399.8018258,"lvl":"INFO","script":"bybit_futures","event":"stats","msgs_total":37589,"msgs_per_sec":1253.0,"flushes_total":1373,"avg_pipeline_ms":0.808}
{"ts":1774028399.8018835,"lvl":"INFO","script":"okx_spot","event":"stats","msgs_total":7514,"msgs_per_sec":250.5,"flushes_total":588,"avg_pipeline_ms":0.656}
{"ts":1774028399.8019292,"lvl":"INFO","script":"okx_futures","event":"stats","msgs_total":13454,"msgs_per_sec":448.5,"flushes_total":705,"avg_pipeline_ms":0.699}
{"ts":1774028399.802617,"lvl":"INFO","script":"gate_spot","event":"stats","msgs_total":19125,"msgs_per_sec":637.5,"flushes_total":1280,"avg_pipeline_ms":0.599}
{"ts":1774028399.8029573,"lvl":"INFO","script":"gate_futures","event":"stats","msgs_total":15189,"msgs_per_sec":506.3,"flushes_total":1252,"avg_pipeline_ms":0.566}
{"ts":1774028429.8012996,"lvl":"INFO","script":"binance_spot","event":"stats","msgs_total":122662,"msgs_per_sec":2426.4,"flushes_total":4864,"avg_pipeline_ms":0.815}
{"ts":1774028429.8017533,"lvl":"INFO","script":"binance_futures","event":"stats","msgs_total":283277,"msgs_per_sec":5657.5,"flushes_total":4042,"avg_pipeline_ms":1.211}
{"ts":1774028429.8017998,"lvl":"INFO","script":"bybit_spot","event":"stats","msgs_total":44579,"msgs_per_sec":871.0,"flushes_total":2690,"avg_pipeline_ms":0.671}
{"ts":1774028429.8019786,"lvl":"INFO","script":"bybit_futures","event":"stats","msgs_total":84299,"msgs_per_sec":1557.0,"flushes_total":2820,"avg_pipeline_ms":0.858}
{"ts":1774028429.8020208,"lvl":"INFO","script":"okx_spot","event":"stats","msgs_total":17643,"msgs_per_sec":337.6,"flushes_total":1117,"avg_pipeline_ms":0.75}
{"ts":1774028429.8020763,"lvl":"INFO","script":"okx_futures","event":"stats","msgs_total":31576,"msgs_per_sec":604.1,"flushes_total":1453,"avg_pipeline_ms":0.779}
{"ts":1774028429.8027568,"lvl":"INFO","script":"gate_spot","event":"stats","msgs_total":51620,"msgs_per_sec":1083.2,"flushes_total":2696,"avg_pipeline_ms":0.685}
{"ts":1774028429.8030245,"lvl":"INFO","script":"gate_futures","event":"stats","msgs_total":36760,"msgs_per_sec":719.0,"flushes_total":2607,"avg_pipeline_ms":0.608}
{"ts":1774028429.8165667,"lvl":"INFO","script":"staleness_monitor","event":"check_start","cycle":2,"pattern":"md:*"}
{"ts":1774028429.818083,"lvl":"INFO","script":"staleness_monitor","event":"scan_complete","cycle":2,"keys_found":2935,"scan_ms":1.5}
{"ts":1774028429.830778,"lvl":"INFO","script":"staleness_monitor","event":"fetch_complete","cycle":2,"keys_fetched":2935,"fetch_ms":12.7}
{"ts":1774028429.8309824,"lvl":"WARN","script":"staleness_monitor","event":"check","total_keys":2935,"keys_with_ts":2935,"keys_no_ts":0,"stale_count":6,"stale_threshold_sec":300,"scan_ms":1.5,"stale_by_source":{"gt:s":4,"gt:f":2},"top_stale":[{"key":"md:gt:s:GNOUSDT","age_sec":4580.3},{"key":"md:gt:s:ASPUSDT","age_sec":3548.7},{"key":"md:gt:f:WAVESUSDT","age_sec":3542.5},{"key":"md:gt:s:YZYUSDT","age_sec":3367.7},{"key":"md:gt:s:IRUSDT","age_sec":3180.7},{"key":"md:gt:f:BLASTUSDT","age_sec":3160.7}]}
{"ts":1774028429.8309944,"lvl":"INFO","script":"staleness_monitor","event":"check_complete","cycle":2,"total_ms":14.4}
{"ts":1774028459.8017626,"lvl":"INFO","script":"binance_spot","event":"stats","msgs_total":167130,"msgs_per_sec":1482.3,"flushes_total":7186,"avg_pipeline_ms":0.748}
{"ts":1774028459.8020604,"lvl":"INFO","script":"binance_futures","event":"stats","msgs_total":407331,"msgs_per_sec":4135.1,"flushes_total":5922,"avg_pipeline_ms":1.175}
{"ts":1774028459.802158,"lvl":"INFO","script":"bybit_spot","event":"stats","msgs_total":65510,"msgs_per_sec":697.7,"flushes_total":4060,"avg_pipeline_ms":0.639}
{"ts":1774028459.8023674,"lvl":"INFO","script":"bybit_futures","event":"stats","msgs_total":123964,"msgs_per_sec":1322.2,"flushes_total":4248,"avg_pipeline_ms":0.812}
{"ts":1774028459.802408,"lvl":"INFO","script":"okx_spot","event":"stats","msgs_total":25552,"msgs_per_sec":263.6,"flushes_total":1639,"avg_pipeline_ms":0.719}
{"ts":1774028459.8024368,"lvl":"INFO","script":"okx_futures","event":"stats","msgs_total":47513,"msgs_per_sec":531.2,"flushes_total":2168,"avg_pipeline_ms":0.773}
{"ts":1774028459.8035934,"lvl":"INFO","script":"gate_spot","event":"stats","msgs_total":78099,"msgs_per_sec":882.6,"flushes_total":4105,"avg_pipeline_ms":0.663}
{"ts":1774028459.8036714,"lvl":"INFO","script":"gate_futures","event":"stats","msgs_total":53367,"msgs_per_sec":553.6,"flushes_total":3953,"avg_pipeline_ms":0.583}
{"ts":1774028489.8020704,"lvl":"INFO","script":"binance_spot","event":"stats","msgs_total":224882,"msgs_per_sec":1925.1,"flushes_total":9585,"avg_pipeline_ms":0.758}
{"ts":1774028489.802189,"lvl":"INFO","script":"binance_futures","event":"stats","msgs_total":558989,"msgs_per_sec":5055.3,"flushes_total":8043,"avg_pipeline_ms":1.184}
{"ts":1774028489.8022466,"lvl":"INFO","script":"bybit_spot","event":"stats","msgs_total":90117,"msgs_per_sec":820.2,"flushes_total":5447,"avg_pipeline_ms":0.646}
{"ts":1774028489.8026068,"lvl":"INFO","script":"bybit_futures","event":"stats","msgs_total":170413,"msgs_per_sec":1548.3,"flushes_total":5692,"avg_pipeline_ms":0.823}
{"ts":1774028489.8026493,"lvl":"INFO","script":"okx_spot","event":"stats","msgs_total":35246,"msgs_per_sec":323.1,"flushes_total":2203,"avg_pipeline_ms":0.723}
{"ts":1774028489.8026955,"lvl":"INFO","script":"okx_futures","event":"stats","msgs_total":64387,"msgs_per_sec":562.5,"flushes_total":2903,"avg_pipeline_ms":0.779}
{"ts":1774028489.8038466,"lvl":"INFO","script":"gate_spot","event":"stats","msgs_total":111059,"msgs_per_sec":1098.7,"flushes_total":5527,"avg_pipeline_ms":0.676}
{"ts":1774028489.8039045,"lvl":"INFO","script":"gate_futures","event":"stats","msgs_total":74319,"msgs_per_sec":698.4,"flushes_total":5312,"avg_pipeline_ms":0.59}
{"ts":1774028489.8314934,"lvl":"INFO","script":"staleness_monitor","event":"check_start","cycle":3,"pattern":"md:*"}
{"ts":1774028489.8355713,"lvl":"INFO","script":"staleness_monitor","event":"scan_complete","cycle":3,"keys_found":2935,"scan_ms":4.0}
{"ts":1774028489.8508325,"lvl":"INFO","script":"staleness_monitor","event":"fetch_complete","cycle":3,"keys_fetched":2935,"fetch_ms":15.2}
{"ts":1774028489.851034,"lvl":"WARN","script":"staleness_monitor","event":"check","total_keys":2935,"keys_with_ts":2935,"keys_no_ts":0,"stale_count":6,"stale_threshold_sec":300,"scan_ms":4.0,"stale_by_source":{"gt:s":4,"gt:f":2},"top_stale":[{"key":"md:gt:s:GNOUSDT","age_sec":4640.4},{"key":"md:gt:f:WAVESUSDT","age_sec":3602.5},{"key":"md:gt:s:YZYUSDT","age_sec":3427.7},{"key":"md:gt:s:IRUSDT","age_sec":3240.8},{"key":"md:gt:f:BLASTUSDT","age_sec":3220.7},{"key":"md:gt:s:USDEUSDT","age_sec":310.4}]}
{"ts":1774028489.851046,"lvl":"INFO","script":"staleness_monitor","event":"check_complete","cycle":3,"total_ms":19.6}
{"ts":1774028519.802471,"lvl":"INFO","script":"binance_spot","event":"stats","msgs_total":279325,"msgs_per_sec":1814.8,"flushes_total":11988,"avg_pipeline_ms":0.764}
{"ts":1774028519.8025415,"lvl":"INFO","script":"binance_futures","event":"stats","msgs_total":697773,"msgs_per_sec":4626.1,"flushes_total":10089,"avg_pipeline_ms":1.18}
{"ts":1774028519.8025694,"lvl":"INFO","script":"bybit_spot","event":"stats","msgs_total":113698,"msgs_per_sec":786.0,"flushes_total":6841,"avg_pipeline_ms":0.656}
{"ts":1774028519.8029013,"lvl":"INFO","script":"bybit_futures","event":"stats","msgs_total":212338,"msgs_per_sec":1397.5,"flushes_total":7130,"avg_pipeline_ms":0.826}
{"ts":1774028519.802934,"lvl":"INFO","script":"okx_spot","event":"stats","msgs_total":44184,"msgs_per_sec":297.9,"flushes_total":2726,"avg_pipeline_ms":0.735}
{"ts":1774028519.8029563,"lvl":"INFO","script":"okx_futures","event":"stats","msgs_total":80655,"msgs_per_sec":542.3,"flushes_total":3604,"avg_pipeline_ms":0.79}
{"ts":1774028519.803987,"lvl":"INFO","script":"gate_spot","event":"stats","msgs_total":138000,"msgs_per_sec":898.0,"flushes_total":6934,"avg_pipeline_ms":0.684}
{"ts":1774028519.804078,"lvl":"INFO","script":"gate_futures","event":"stats","msgs_total":93082,"msgs_per_sec":625.4,"flushes_total":6663,"avg_pipeline_ms":0.604}
{"ts":1774028549.8032215,"lvl":"INFO","script":"binance_spot","event":"stats","msgs_total":323880,"msgs_per_sec":1485.2,"flushes_total":14295,"avg_pipeline_ms":0.748}
{"ts":1774028549.8033414,"lvl":"INFO","script":"binance_futures","event":"stats","msgs_total":823347,"msgs_per_sec":4185.8,"flushes_total":12010,"avg_pipeline_ms":1.168}
{"ts":1774028549.8033628,"lvl":"INFO","script":"bybit_spot","event":"stats","msgs_total":135460,"msgs_per_sec":725.4,"flushes_total":8212,"avg_pipeline_ms":0.65}
{"ts":1774028549.8042789,"lvl":"INFO","script":"bybit_futures","event":"stats","msgs_total":251760,"msgs_per_sec":1314.1,"flushes_total":8555,"avg_pipeline_ms":0.816}
{"ts":1774028549.8043027,"lvl":"INFO","script":"okx_spot","event":"stats","msgs_total":52432,"msgs_per_sec":274.9,"flushes_total":3208,"avg_pipeline_ms":0.73}
{"ts":1774028549.804319,"lvl":"INFO","script":"okx_futures","event":"stats","msgs_total":95971,"msgs_per_sec":510.5,"flushes_total":4276,"avg_pipeline_ms":0.792}
{"ts":1774028549.805523,"lvl":"INFO","script":"gate_spot","event":"stats","msgs_total":163622,"msgs_per_sec":854.1,"flushes_total":8332,"avg_pipeline_ms":0.677}
{"ts":1774028549.8055434,"lvl":"INFO","script":"gate_futures","event":"stats","msgs_total":110431,"msgs_per_sec":578.3,"flushes_total":8007,"avg_pipeline_ms":0.6}
{"ts":1774028549.8521113,"lvl":"INFO","script":"staleness_monitor","event":"check_start","cycle":4,"pattern":"md:*"}
{"ts":1774028549.855131,"lvl":"INFO","script":"staleness_monitor","event":"scan_complete","cycle":4,"keys_found":2935,"scan_ms":3.0}
{"ts":1774028549.8702111,"lvl":"INFO","script":"staleness_monitor","event":"fetch_complete","cycle":4,"keys_fetched":2935,"fetch_ms":15.0}
{"ts":1774028549.870423,"lvl":"WARN","script":"staleness_monitor","event":"check","total_keys":2935,"keys_with_ts":2935,"keys_no_ts":0,"stale_count":5,"stale_threshold_sec":300,"scan_ms":3.0,"stale_by_source":{"gt:f":2,"gt:s":3},"top_stale":[{"key":"md:gt:s:GNOUSDT","age_sec":4700.4},{"key":"md:gt:f:WAVESUSDT","age_sec":3662.6},{"key":"md:gt:s:YZYUSDT","age_sec":3487.7},{"key":"md:gt:f:BLASTUSDT","age_sec":3280.7},{"key":"md:gt:s:USDEUSDT","age_sec":370.5}]}
{"ts":1774028549.8704355,"lvl":"INFO","script":"staleness_monitor","event":"check_complete","cycle":4,"total_ms":18.3}
{"ts":1774028579.8035822,"lvl":"INFO","script":"binance_spot","event":"stats","msgs_total":368270,"msgs_per_sec":1479.7,"flushes_total":16617,"avg_pipeline_ms":0.742}
{"ts":1774028579.8036783,"lvl":"INFO","script":"binance_futures","event":"stats","msgs_total":939379,"msgs_per_sec":3867.7,"flushes_total":13873,"avg_pipeline_ms":1.161}
{"ts":1774028579.8037162,"lvl":"INFO","script":"bybit_spot","event":"stats","msgs_total":155221,"msgs_per_sec":658.7,"flushes_total":9580,"avg_pipeline_ms":0.652}
{"ts":1774028579.804832,"lvl":"INFO","script":"bybit_futures","event":"stats","msgs_total":288803,"msgs_per_sec":1234.8,"flushes_total":9980,"avg_pipeline_ms":0.814}
{"ts":1774028579.8048754,"lvl":"INFO","script":"okx_spot","event":"stats","msgs_total":59425,"msgs_per_sec":233.1,"flushes_total":3667,"avg_pipeline_ms":0.732}
{"ts":1774028579.8049085,"lvl":"INFO","script":"okx_futures","event":"stats","msgs_total":109679,"msgs_per_sec":456.9,"flushes_total":4977,"avg_pipeline_ms":0.791}
{"ts":1774028579.805798,"lvl":"INFO","script":"gate_spot","event":"stats","msgs_total":187842,"msgs_per_sec":807.3,"flushes_total":9730,"avg_pipeline_ms":0.678}
{"ts":1774028579.8058496,"lvl":"INFO","script":"gate_futures","event":"stats","msgs_total":126344,"msgs_per_sec":530.4,"flushes_total":9346,"avg_pipeline_ms":0.603}
{"ts":1774028609.803704,"lvl":"INFO","script":"binance_spot","event":"stats","msgs_total":409586,"msgs_per_sec":1377.2,"flushes_total":18914,"avg_pipeline_ms":0.744}
{"ts":1774028609.8038218,"lvl":"INFO","script":"binance_futures","event":"stats","msgs_total":1043751,"msgs_per_sec":3479.1,"flushes_total":15660,"avg_pipeline_ms":1.164}
{"ts":1774028609.8038602,"lvl":"INFO","script":"bybit_spot","event":"stats","msgs_total":175197,"msgs_per_sec":665.9,"flushes_total":10940,"avg_pipeline_ms":0.658}
{"ts":1774028609.8055549,"lvl":"INFO","script":"bybit_futures","event":"stats","msgs_total":324980,"msgs_per_sec":1205.9,"flushes_total":11404,"avg_pipeline_ms":0.821}
{"ts":1774028609.8055923,"lvl":"INFO","script":"okx_spot","event":"stats","msgs_total":66971,"msgs_per_sec":251.5,"flushes_total":4137,"avg_pipeline_ms":0.746}
{"ts":1774028609.8056219,"lvl":"INFO","script":"okx_futures","event":"stats","msgs_total":124055,"msgs_per_sec":479.2,"flushes_total":5751,"avg_pipeline_ms":0.796}
{"ts":1774028609.8058772,"lvl":"INFO","script":"gate_spot","event":"stats","msgs_total":211857,"msgs_per_sec":800.5,"flushes_total":11125,"avg_pipeline_ms":0.684}
{"ts":1774028609.805924,"lvl":"INFO","script":"gate_futures","event":"stats","msgs_total":143066,"msgs_per_sec":557.4,"flushes_total":10685,"avg_pipeline_ms":0.609}
{"ts":1774028609.8710592,"lvl":"INFO","script":"staleness_monitor","event":"check_start","cycle":5,"pattern":"md:*"}
{"ts":1774028609.8730474,"lvl":"INFO","script":"staleness_monitor","event":"scan_complete","cycle":5,"keys_found":2935,"scan_ms":2.0}
{"ts":1774028609.8869712,"lvl":"INFO","script":"staleness_monitor","event":"fetch_complete","cycle":5,"keys_fetched":2935,"fetch_ms":13.9}
{"ts":1774028609.8871725,"lvl":"WARN","script":"staleness_monitor","event":"check","total_keys":2935,"keys_with_ts":2935,"keys_no_ts":0,"stale_count":5,"stale_threshold_sec":300,"scan_ms":2.0,"stale_by_source":{"gt:f":2,"gt:s":3},"top_stale":[{"key":"md:gt:s:GNOUSDT","age_sec":4760.4},{"key":"md:gt:f:WAVESUSDT","age_sec":3722.6},{"key":"md:gt:s:YZYUSDT","age_sec":3547.7},{"key":"md:gt:f:BLASTUSDT","age_sec":3340.7},{"key":"md:gt:s:USDEUSDT","age_sec":430.5}]}
{"ts":1774028609.887189,"lvl":"INFO","script":"staleness_monitor","event":"check_complete","cycle":5,"total_ms":16.1}
{"ts":1774028639.8041763,"lvl":"INFO","script":"binance_spot","event":"stats","msgs_total":439234,"msgs_per_sec":988.3,"flushes_total":21018,"avg_pipeline_ms":0.734}
{"ts":1774028639.8042111,"lvl":"INFO","script":"binance_futures","event":"stats","msgs_total":1133689,"msgs_per_sec":2997.9,"flushes_total":17371,"avg_pipeline_ms":1.154}
{"ts":1774028639.8042219,"lvl":"INFO","script":"bybit_spot","event":"stats","msgs_total":192070,"msgs_per_sec":562.4,"flushes_total":12296,"avg_pipeline_ms":0.654}
{"ts":1774028639.8057683,"lvl":"INFO","script":"bybit_futures","event":"stats","msgs_total":358178,"msgs_per_sec":1106.6,"flushes_total":12819,"avg_pipeline_ms":0.816}
{"ts":1774028639.8057885,"lvl":"INFO","script":"okx_spot","event":"stats","msgs_total":73061,"msgs_per_sec":203.0,"flushes_total":4599,"avg_pipeline_ms":0.744}
{"ts":1774028639.8057992,"lvl":"INFO","script":"okx_futures","event":"stats","msgs_total":136055,"msgs_per_sec":400.0,"flushes_total":6509,"avg_pipeline_ms":0.789}
{"ts":1774028639.8059223,"lvl":"INFO","script":"gate_spot","event":"stats","msgs_total":231661,"msgs_per_sec":660.1,"flushes_total":12503,"avg_pipeline_ms":0.679}
{"ts":1774028639.8059876,"lvl":"INFO","script":"gate_futures","event":"stats","msgs_total":157374,"msgs_per_sec":476.9,"flushes_total":12021,"avg_pipeline_ms":0.605}
{"ts":1774028669.8042529,"lvl":"INFO","script":"binance_spot","event":"stats","msgs_total":468772,"msgs_per_sec":984.6,"flushes_total":23188,"avg_pipeline_ms":0.719}
{"ts":1774028669.8043737,"lvl":"INFO","script":"binance_futures","event":"stats","msgs_total":1219432,"msgs_per_sec":2858.1,"flushes_total":19033,"avg_pipeline_ms":1.14}
{"ts":1774028669.804416,"lvl":"INFO","script":"bybit_spot","event":"stats","msgs_total":209279,"msgs_per_sec":573.6,"flushes_total":13647,"avg_pipeline_ms":0.647}
{"ts":1774028669.8059194,"lvl":"INFO","script":"bybit_futures","event":"stats","msgs_total":390878,"msgs_per_sec":1090.0,"flushes_total":14235,"avg_pipeline_ms":0.808}
{"ts":1774028669.8059793,"lvl":"INFO","script":"okx_spot","event":"stats","msgs_total":79372,"msgs_per_sec":210.4,"flushes_total":5048,"avg_pipeline_ms":0.74}
{"ts":1774028669.8060317,"lvl":"INFO","script":"okx_futures","event":"stats","msgs_total":149492,"msgs_per_sec":447.9,"flushes_total":7211,"avg_pipeline_ms":0.786}
{"ts":1774028669.806084,"lvl":"INFO","script":"gate_spot","event":"stats","msgs_total":252419,"msgs_per_sec":691.9,"flushes_total":13890,"avg_pipeline_ms":0.673}
{"ts":1774028669.8061147,"lvl":"INFO","script":"gate_futures","event":"stats","msgs_total":170798,"msgs_per_sec":447.5,"flushes_total":13344,"avg_pipeline_ms":0.597}
{"ts":1774028669.88785,"lvl":"INFO","script":"staleness_monitor","event":"check_start","cycle":6,"pattern":"md:*"}
{"ts":1774028669.8911707,"lvl":"INFO","script":"staleness_monitor","event":"scan_complete","cycle":6,"keys_found":2935,"scan_ms":3.3}
{"ts":1774028669.9075415,"lvl":"INFO","script":"staleness_monitor","event":"fetch_complete","cycle":6,"keys_fetched":2935,"fetch_ms":16.3}
{"ts":1774028669.9077327,"lvl":"WARN","script":"staleness_monitor","event":"check","total_keys":2935,"keys_with_ts":2935,"keys_no_ts":0,"stale_count":5,"stale_threshold_sec":300,"scan_ms":3.3,"stale_by_source":{"gt:f":2,"gt:s":3},"top_stale":[{"key":"md:gt:s:GNOUSDT","age_sec":4820.4},{"key":"md:gt:f:WAVESUSDT","age_sec":3782.6},{"key":"md:gt:s:YZYUSDT","age_sec":3607.8},{"key":"md:gt:f:BLASTUSDT","age_sec":3400.8},{"key":"md:gt:s:USDEUSDT","age_sec":490.5}]}
{"ts":1774028669.9077444,"lvl":"INFO","script":"staleness_monitor","event":"check_complete","cycle":6,"total_ms":19.9}
{"ts":1774028699.8047402,"lvl":"INFO","script":"binance_spot","event":"stats","msgs_total":493427,"msgs_per_sec":821.8,"flushes_total":25231,"avg_pipeline_ms":0.714}
{"ts":1774028699.804831,"lvl":"INFO","script":"binance_futures","event":"stats","msgs_total":1297238,"msgs_per_sec":2593.5,"flushes_total":20657,"avg_pipeline_ms":1.137}
{"ts":1774028699.8048658,"lvl":"INFO","script":"bybit_spot","event":"stats","msgs_total":224535,"msgs_per_sec":508.5,"flushes_total":14982,"avg_pipeline_ms":0.648}
{"ts":1774028699.8060977,"lvl":"INFO","script":"bybit_futures","event":"stats","msgs_total":419176,"msgs_per_sec":943.3,"flushes_total":15636,"avg_pipeline_ms":0.807}
{"ts":1774028699.806173,"lvl":"INFO","script":"okx_spot","event":"stats","msgs_total":85114,"msgs_per_sec":191.4,"flushes_total":5454,"avg_pipeline_ms":0.75}
{"ts":1774028699.806214,"lvl":"INFO","script":"okx_futures","event":"stats","msgs_total":161403,"msgs_per_sec":397.0,"flushes_total":7959,"avg_pipeline_ms":0.79}
{"ts":1774028699.8062608,"lvl":"INFO","script":"gate_spot","event":"stats","msgs_total":270221,"msgs_per_sec":593.4,"flushes_total":15260,"avg_pipeline_ms":0.673}
{"ts":1774028699.8062932,"lvl":"INFO","script":"gate_futures","event":"stats","msgs_total":181266,"msgs_per_sec":348.9,"flushes_total":14625,"avg_pipeline_ms":0.596}
{"ts":1774028729.8053408,"lvl":"INFO","script":"binance_spot","event":"stats","msgs_total":538270,"msgs_per_sec":1494.8,"flushes_total":27546,"avg_pipeline_ms":0.718}
{"ts":1774028729.8053799,"lvl":"INFO","script":"binance_futures","event":"stats","msgs_total":1420115,"msgs_per_sec":4095.9,"flushes_total":22614,"avg_pipeline_ms":1.14}
{"ts":1774028729.805391,"lvl":"INFO","script":"bybit_spot","event":"stats","msgs_total":244593,"msgs_per_sec":668.6,"flushes_total":16340,"avg_pipeline_ms":0.651}
{"ts":1774028729.806942,"lvl":"INFO","script":"bybit_futures","event":"stats","msgs_total":456256,"msgs_per_sec":1236.0,"flushes_total":17061,"avg_pipeline_ms":0.81}
{"ts":1774028729.8069599,"lvl":"INFO","script":"okx_spot","event":"stats","msgs_total":93112,"msgs_per_sec":266.6,"flushes_total":5854,"avg_pipeline_ms":0.761}
{"ts":1774028729.8069715,"lvl":"INFO","script":"okx_futures","event":"stats","msgs_total":176164,"msgs_per_sec":492.0,"flushes_total":8704,"avg_pipeline_ms":0.795}
{"ts":1774028729.8069806,"lvl":"INFO","script":"gate_spot","event":"stats","msgs_total":294378,"msgs_per_sec":805.2,"flushes_total":16646,"avg_pipeline_ms":0.674}
{"ts":1774028729.8069897,"lvl":"INFO","script":"gate_futures","event":"stats","msgs_total":197046,"msgs_per_sec":526.0,"flushes_total":15952,"avg_pipeline_ms":0.598}
{"ts":1774028729.9079993,"lvl":"INFO","script":"staleness_monitor","event":"check_start","cycle":7,"pattern":"md:*"}
{"ts":1774028729.9096968,"lvl":"INFO","script":"staleness_monitor","event":"scan_complete","cycle":7,"keys_found":2935,"scan_ms":1.7}
{"ts":1774028729.9220066,"lvl":"INFO","script":"staleness_monitor","event":"fetch_complete","cycle":7,"keys_fetched":2935,"fetch_ms":12.3}
{"ts":1774028729.9222102,"lvl":"WARN","script":"staleness_monitor","event":"check","total_keys":2935,"keys_with_ts":2935,"keys_no_ts":0,"stale_count":7,"stale_threshold_sec":300,"scan_ms":1.7,"stale_by_source":{"gt:f":2,"gt:s":5},"top_stale":[{"key":"md:gt:s:GNOUSDT","age_sec":4880.4},{"key":"md:gt:f:WAVESUSDT","age_sec":3842.6},{"key":"md:gt:s:YZYUSDT","age_sec":3667.8},{"key":"md:gt:f:BLASTUSDT","age_sec":3460.8},{"key":"md:gt:s:USDEUSDT","age_sec":550.5},{"key":"md:gt:s:PROMUSDT","age_sec":320.0},{"key":"md:gt:s:AVLUSDT","age_sec":319.7}]}
{"ts":1774028729.9222224,"lvl":"INFO","script":"staleness_monitor","event":"check_complete","cycle":7,"total_ms":14.2}
{"ts":1774028759.8054698,"lvl":"INFO","script":"binance_spot","event":"stats","msgs_total":580376,"msgs_per_sec":1403.5,"flushes_total":29783,"avg_pipeline_ms":0.722}
{"ts":1774028759.8055093,"lvl":"INFO","script":"binance_futures","event":"stats","msgs_total":1547630,"msgs_per_sec":4250.5,"flushes_total":24636,"avg_pipeline_ms":1.141}
{"ts":1774028759.8055215,"lvl":"INFO","script":"bybit_spot","event":"stats","msgs_total":263480,"msgs_per_sec":629.6,"flushes_total":17698,"avg_pipeline_ms":0.653}
{"ts":1774028759.8071134,"lvl":"INFO","script":"bybit_futures","event":"stats","msgs_total":491757,"msgs_per_sec":1183.4,"flushes_total":18484,"avg_pipeline_ms":0.812}
{"ts":1774028759.8071322,"lvl":"INFO","script":"okx_spot","event":"stats","msgs_total":100667,"msgs_per_sec":251.8,"flushes_total":6259,"avg_pipeline_ms":0.768}
{"ts":1774028759.807158,"lvl":"INFO","script":"okx_futures","event":"stats","msgs_total":190076,"msgs_per_sec":463.7,"flushes_total":9461,"avg_pipeline_ms":0.797}
{"ts":1774028759.8071694,"lvl":"INFO","script":"gate_spot","event":"stats","msgs_total":315711,"msgs_per_sec":711.1,"flushes_total":18015,"avg_pipeline_ms":0.676}
{"ts":1774028759.807179,"lvl":"INFO","script":"gate_futures","event":"stats","msgs_total":211939,"msgs_per_sec":496.4,"flushes_total":17267,"avg_pipeline_ms":0.599}
{"ts":1774028789.8056257,"lvl":"INFO","script":"binance_spot","event":"stats","msgs_total":618263,"msgs_per_sec":1262.9,"flushes_total":32010,"avg_pipeline_ms":0.722}
{"ts":1774028789.8060076,"lvl":"INFO","script":"binance_futures","event":"stats","msgs_total":1659554,"msgs_per_sec":3730.8,"flushes_total":26488,"avg_pipeline_ms":1.142}
{"ts":1774028789.8060534,"lvl":"INFO","script":"bybit_spot","event":"stats","msgs_total":281585,"msgs_per_sec":603.5,"flushes_total":19057,"avg_pipeline_ms":0.652}
{"ts":1774028789.8072333,"lvl":"INFO","script":"bybit_futures","event":"stats","msgs_total":527259,"msgs_per_sec":1183.4,"flushes_total":19908,"avg_pipeline_ms":0.811}
{"ts":1774028789.8072734,"lvl":"INFO","script":"okx_spot","event":"stats","msgs_total":108116,"msgs_per_sec":248.3,"flushes_total":6674,"avg_pipeline_ms":0.771}
{"ts":1774028789.8073,"lvl":"INFO","script":"okx_futures","event":"stats","msgs_total":204283,"msgs_per_sec":473.6,"flushes_total":10180,"avg_pipeline_ms":0.801}
{"ts":1774028789.8073227,"lvl":"INFO","script":"gate_spot","event":"stats","msgs_total":338614,"msgs_per_sec":763.4,"flushes_total":19412,"avg_pipeline_ms":0.677}
{"ts":1774028789.8073444,"lvl":"INFO","script":"gate_futures","event":"stats","msgs_total":226578,"msgs_per_sec":488.0,"flushes_total":18591,"avg_pipeline_ms":0.599}
{"ts":1774028789.9224038,"lvl":"INFO","script":"staleness_monitor","event":"check_start","cycle":8,"pattern":"md:*"}
{"ts":1774028789.9256728,"lvl":"INFO","script":"staleness_monitor","event":"scan_complete","cycle":8,"keys_found":2935,"scan_ms":3.2}
{"ts":1774028789.9427388,"lvl":"INFO","script":"staleness_monitor","event":"fetch_complete","cycle":8,"keys_fetched":2935,"fetch_ms":17.0}
{"ts":1774028789.942944,"lvl":"WARN","script":"staleness_monitor","event":"check","total_keys":2935,"keys_with_ts":2935,"keys_no_ts":0,"stale_count":9,"stale_threshold_sec":300,"scan_ms":3.2,"stale_by_source":{"gt:f":2,"gt:s":7},"top_stale":[{"key":"md:gt:s:GNOUSDT","age_sec":4940.4},{"key":"md:gt:f:WAVESUSDT","age_sec":3902.6},{"key":"md:gt:s:YZYUSDT","age_sec":3727.8},{"key":"md:gt:f:BLASTUSDT","age_sec":3520.8},{"key":"md:gt:s:USDEUSDT","age_sec":610.5},{"key":"md:gt:s:PROMUSDT","age_sec":380.1},{"key":"md:gt:s:AVLUSDT","age_sec":379.7},{"key":"md:gt:s:BEAMUSDT","age_sec":353.3},{"key":"md:gt:s:WIFUSDC","age_sec":345.7}]}
{"ts":1774028789.9429572,"lvl":"INFO","script":"staleness_monitor","event":"check_complete","cycle":8,"total_ms":20.6}
{"ts":1774028819.8059978,"lvl":"INFO","script":"binance_spot","event":"stats","msgs_total":664313,"msgs_per_sec":1535.0,"flushes_total":34310,"avg_pipeline_ms":0.723}
{"ts":1774028819.80612,"lvl":"INFO","script":"binance_futures","event":"stats","msgs_total":1786953,"msgs_per_sec":4246.6,"flushes_total":28466,"avg_pipeline_ms":1.142}
{"ts":1774028819.8061452,"lvl":"INFO","script":"bybit_spot","event":"stats","msgs_total":301569,"msgs_per_sec":666.1,"flushes_total":20424,"avg_pipeline_ms":0.652}
{"ts":1774028819.8076606,"lvl":"INFO","script":"bybit_futures","event":"stats","msgs_total":564775,"msgs_per_sec":1250.5,"flushes_total":21331,"avg_pipeline_ms":0.812}
{"ts":1774028819.8076794,"lvl":"INFO","script":"okx_spot","event":"stats","msgs_total":115850,"msgs_per_sec":257.8,"flushes_total":7068,"avg_pipeline_ms":0.78}
{"ts":1774028819.8076923,"lvl":"INFO","script":"okx_futures","event":"stats","msgs_total":219265,"msgs_per_sec":499.4,"flushes_total":10901,"avg_pipeline_ms":0.806}
{"ts":1774028819.807703,"lvl":"INFO","script":"gate_spot","event":"stats","msgs_total":362420,"msgs_per_sec":793.5,"flushes_total":20804,"avg_pipeline_ms":0.678}
{"ts":1774028819.8077192,"lvl":"INFO","script":"gate_futures","event":"stats","msgs_total":242291,"msgs_per_sec":523.8,"flushes_total":19931,"avg_pipeline_ms":0.6}
{"ts":1774028849.8061366,"lvl":"INFO","script":"binance_spot","event":"stats","msgs_total":712854,"msgs_per_sec":1618.0,"flushes_total":36673,"avg_pipeline_ms":0.723}
{"ts":1774028849.8063586,"lvl":"INFO","script":"binance_futures","event":"stats","msgs_total":1921585,"msgs_per_sec":4487.7,"flushes_total":30471,"avg_pipeline_ms":1.142}
{"ts":1774028849.8064053,"lvl":"INFO","script":"bybit_spot","event":"stats","msgs_total":323333,"msgs_per_sec":725.5,"flushes_total":21801,"avg_pipeline_ms":0.651}
{"ts":1774028849.8078616,"lvl":"INFO","script":"bybit_futures","event":"stats","msgs_total":605223,"msgs_per_sec":1348.3,"flushes_total":22759,"avg_pipeline_ms":0.812}
{"ts":1774028849.8079085,"lvl":"INFO","script":"okx_spot","event":"stats","msgs_total":125153,"msgs_per_sec":310.1,"flushes_total":7545,"avg_pipeline_ms":0.786}
{"ts":1774028849.8079443,"lvl":"INFO","script":"okx_futures","event":"stats","msgs_total":235496,"msgs_per_sec":541.0,"flushes_total":11623,"avg_pipeline_ms":0.808}
{"ts":1774028849.807987,"lvl":"INFO","script":"gate_spot","event":"stats","msgs_total":387258,"msgs_per_sec":827.9,"flushes_total":22200,"avg_pipeline_ms":0.676}
{"ts":1774028849.80802,"lvl":"INFO","script":"gate_futures","event":"stats","msgs_total":258976,"msgs_per_sec":556.2,"flushes_total":21277,"avg_pipeline_ms":0.6}
{"ts":1774028849.943291,"lvl":"INFO","script":"staleness_monitor","event":"check_start","cycle":9,"pattern":"md:*"}
{"ts":1774028849.9470398,"lvl":"INFO","script":"staleness_monitor","event":"scan_complete","cycle":9,"keys_found":2935,"scan_ms":3.7}
{"ts":1774028849.9650147,"lvl":"INFO","script":"staleness_monitor","event":"fetch_complete","cycle":9,"keys_fetched":2935,"fetch_ms":17.9}
{"ts":1774028849.9652135,"lvl":"WARN","script":"staleness_monitor","event":"check","total_keys":2935,"keys_with_ts":2935,"keys_no_ts":0,"stale_count":7,"stale_threshold_sec":300,"scan_ms":3.7,"stale_by_source":{"gt:f":2,"gt:s":5},"top_stale":[{"key":"md:gt:s:GNOUSDT","age_sec":5000.5},{"key":"md:gt:f:WAVESUSDT","age_sec":3962.7},{"key":"md:gt:s:YZYUSDT","age_sec":3787.8},{"key":"md:gt:f:BLASTUSDT","age_sec":3580.8},{"key":"md:gt:s:PROMUSDT","age_sec":440.1},{"key":"md:gt:s:AVLUSDT","age_sec":439.7},{"key":"md:gt:s:BEAMUSDT","age_sec":413.3}]}
{"ts":1774028849.9652247,"lvl":"INFO","script":"staleness_monitor","event":"check_complete","cycle":9,"total_ms":21.9}
{"ts":1774028879.8063583,"lvl":"INFO","script":"binance_spot","event":"stats","msgs_total":752483,"msgs_per_sec":1321.0,"flushes_total":38905,"avg_pipeline_ms":0.725}
{"ts":1774028879.806501,"lvl":"INFO","script":"binance_futures","event":"stats","msgs_total":2030513,"msgs_per_sec":3630.9,"flushes_total":32288,"avg_pipeline_ms":1.145}
{"ts":1774028879.8065395,"lvl":"INFO","script":"bybit_spot","event":"stats","msgs_total":341937,"msgs_per_sec":620.1,"flushes_total":23151,"avg_pipeline_ms":0.652}
{"ts":1774028879.8079607,"lvl":"INFO","script":"bybit_futures","event":"stats","msgs_total":641460,"msgs_per_sec":1207.9,"flushes_total":24190,"avg_pipeline_ms":0.814}
{"ts":1774028879.8080075,"lvl":"INFO","script":"okx_spot","event":"stats","msgs_total":132602,"msgs_per_sec":248.3,"flushes_total":7967,"avg_pipeline_ms":0.79}
{"ts":1774028879.8080397,"lvl":"INFO","script":"okx_futures","event":"stats","msgs_total":249484,"msgs_per_sec":466.3,"flushes_total":12353,"avg_pipeline_ms":0.808}
{"ts":1774028879.8080673,"lvl":"INFO","script":"gate_spot","event":"stats","msgs_total":411496,"msgs_per_sec":807.9,"flushes_total":23599,"avg_pipeline_ms":0.679}
{"ts":1774028879.8080938,"lvl":"INFO","script":"gate_futures","event":"stats","msgs_total":273654,"msgs_per_sec":489.3,"flushes_total":22586,"avg_pipeline_ms":0.601}
{"ts":1774028909.8069158,"lvl":"INFO","script":"binance_spot","event":"stats","msgs_total":807033,"msgs_per_sec":1818.3,"flushes_total":41294,"avg_pipeline_ms":0.734}
{"ts":1774028909.8070147,"lvl":"INFO","script":"binance_futures","event":"stats","msgs_total":2188381,"msgs_per_sec":5262.3,"flushes_total":34474,"avg_pipeline_ms":1.152}
{"ts":1774028909.8070524,"lvl":"INFO","script":"bybit_spot","event":"stats","msgs_total":365832,"msgs_per_sec":796.5,"flushes_total":24540,"avg_pipeline_ms":0.656}
{"ts":1774028909.808107,"lvl":"INFO","script":"bybit_futures","event":"stats","msgs_total":682256,"msgs_per_sec":1359.9,"flushes_total":25618,"avg_pipeline_ms":0.819}
{"ts":1774028909.8081748,"lvl":"INFO","script":"okx_spot","event":"stats","msgs_total":142047,"msgs_per_sec":314.8,"flushes_total":8496,"avg_pipeline_ms":0.792}
{"ts":1774028909.8082106,"lvl":"INFO","script":"okx_futures","event":"stats","msgs_total":265843,"msgs_per_sec":545.3,"flushes_total":13093,"avg_pipeline_ms":0.812}
{"ts":1774028909.8082511,"lvl":"INFO","script":"gate_spot","event":"stats","msgs_total":437749,"msgs_per_sec":875.1,"flushes_total":24998,"avg_pipeline_ms":0.682}
{"ts":1774028909.8082812,"lvl":"INFO","script":"gate_futures","event":"stats","msgs_total":292835,"msgs_per_sec":639.4,"flushes_total":23937,"avg_pipeline_ms":0.607}
{"ts":1774028909.9653685,"lvl":"INFO","script":"staleness_monitor","event":"check_start","cycle":10,"pattern":"md:*"}
{"ts":1774028909.9692411,"lvl":"INFO","script":"staleness_monitor","event":"scan_complete","cycle":10,"keys_found":2935,"scan_ms":3.8}
{"ts":1774028909.9851937,"lvl":"INFO","script":"staleness_monitor","event":"fetch_complete","cycle":10,"keys_fetched":2935,"fetch_ms":15.9}
{"ts":1774028909.9853919,"lvl":"WARN","script":"staleness_monitor","event":"check","total_keys":2935,"keys_with_ts":2935,"keys_no_ts":0,"stale_count":10,"stale_threshold_sec":300,"scan_ms":3.8,"stale_by_source":{"gt:f":3,"gt:s":7},"top_stale":[{"key":"md:gt:s:GNOUSDT","age_sec":5060.5},{"key":"md:gt:f:WAVESUSDT","age_sec":4022.7},{"key":"md:gt:s:YZYUSDT","age_sec":3847.8},{"key":"md:gt:f:BLASTUSDT","age_sec":3640.8},{"key":"md:gt:s:PROMUSDT","age_sec":500.1},{"key":"md:gt:s:AVLUSDT","age_sec":499.8},{"key":"md:gt:s:BEAMUSDT","age_sec":473.3},{"key":"md:gt:s:SCUSDT","age_sec":350.7},{"key":"md:gt:s:C98USDT","age_sec":332.0},{"key":"md:gt:f:ZKJUSDT","age_sec":323.1}]}
{"ts":1774028909.9854043,"lvl":"INFO","script":"staleness_monitor","event":"check_complete","cycle":10,"total_ms":20.0}
{"ts":1774028939.8071823,"lvl":"INFO","script":"binance_spot","event":"stats","msgs_total":843725,"msgs_per_sec":1223.1,"flushes_total":43463,"avg_pipeline_ms":0.737}
{"ts":1774028939.8072178,"lvl":"INFO","script":"binance_futures","event":"stats","msgs_total":2299419,"msgs_per_sec":3701.3,"flushes_total":36337,"avg_pipeline_ms":1.155}
{"ts":1774028939.8072295,"lvl":"INFO","script":"bybit_spot","event":"stats","msgs_total":384128,"msgs_per_sec":609.9,"flushes_total":25893,"avg_pipeline_ms":0.659}
{"ts":1774028939.8081567,"lvl":"INFO","script":"bybit_futures","event":"stats","msgs_total":717639,"msgs_per_sec":1179.4,"flushes_total":27048,"avg_pipeline_ms":0.824}
{"ts":1774028939.8083458,"lvl":"INFO","script":"okx_spot","event":"stats","msgs_total":149207,"msgs_per_sec":238.7,"flushes_total":8955,"avg_pipeline_ms":0.794}
{"ts":1774028939.8083603,"lvl":"INFO","script":"okx_futures","event":"stats","msgs_total":279819,"msgs_per_sec":465.9,"flushes_total":13793,"avg_pipeline_ms":0.815}
{"ts":1774028939.8083704,"lvl":"INFO","script":"gate_spot","event":"stats","msgs_total":459382,"msgs_per_sec":721.1,"flushes_total":26375,"avg_pipeline_ms":0.685}
{"ts":1774028939.8083827,"lvl":"INFO","script":"gate_futures","event":"stats","msgs_total":307939,"msgs_per_sec":503.5,"flushes_total":25266,"avg_pipeline_ms":0.611}
{"ts":1774028969.8078756,"lvl":"INFO","script":"binance_spot","event":"stats","msgs_total":887577,"msgs_per_sec":1461.7,"flushes_total":45730,"avg_pipeline_ms":0.737}
{"ts":1774028969.8079565,"lvl":"INFO","script":"binance_futures","event":"stats","msgs_total":2427624,"msgs_per_sec":4273.5,"flushes_total":38304,"avg_pipeline_ms":1.155}
{"ts":1774028969.8079817,"lvl":"INFO","script":"bybit_spot","event":"stats","msgs_total":406765,"msgs_per_sec":754.6,"flushes_total":27273,"avg_pipeline_ms":0.659}
{"ts":1774028969.8089392,"lvl":"INFO","script":"bybit_futures","event":"stats","msgs_total":759833,"msgs_per_sec":1406.5,"flushes_total":28481,"avg_pipeline_ms":0.825}
{"ts":1774028969.8089712,"lvl":"INFO","script":"okx_spot","event":"stats","msgs_total":158541,"msgs_per_sec":311.1,"flushes_total":9501,"avg_pipeline_ms":0.792}
{"ts":1774028969.8089926,"lvl":"INFO","script":"okx_futures","event":"stats","msgs_total":295647,"msgs_per_sec":527.6,"flushes_total":14510,"avg_pipeline_ms":0.815}
{"ts":1774028969.8090115,"lvl":"INFO","script":"gate_spot","event":"stats","msgs_total":485305,"msgs_per_sec":864.1,"flushes_total":27774,"avg_pipeline_ms":0.686}
{"ts":1774028969.809029,"lvl":"INFO","script":"gate_futures","event":"stats","msgs_total":325291,"msgs_per_sec":578.4,"flushes_total":26607,"avg_pipeline_ms":0.612}
{"ts":1774028969.9857721,"lvl":"INFO","script":"staleness_monitor","event":"check_start","cycle":11,"pattern":"md:*"}
{"ts":1774028969.9894037,"lvl":"INFO","script":"staleness_monitor","event":"scan_complete","cycle":11,"keys_found":2935,"scan_ms":3.6}
{"ts":1774028970.0033298,"lvl":"INFO","script":"staleness_monitor","event":"fetch_complete","cycle":11,"keys_fetched":2935,"fetch_ms":13.9}
{"ts":1774028970.003553,"lvl":"WARN","script":"staleness_monitor","event":"check","total_keys":2935,"keys_with_ts":2935,"keys_no_ts":0,"stale_count":9,"stale_threshold_sec":300,"scan_ms":3.6,"stale_by_source":{"gt:f":4,"gt:s":5},"top_stale":[{"key":"md:gt:s:GNOUSDT","age_sec":5120.5},{"key":"md:gt:f:WAVESUSDT","age_sec":4082.7},{"key":"md:gt:s:YZYUSDT","age_sec":3907.9},{"key":"md:gt:f:BLASTUSDT","age_sec":3700.9},{"key":"md:gt:s:AVLUSDT","age_sec":559.8},{"key":"md:gt:s:BEAMUSDT","age_sec":533.3},{"key":"md:gt:s:C98USDT","age_sec":392.1},{"key":"md:gt:f:ZKJUSDT","age_sec":383.1},{"key":"md:gt:f:USD1USDT","age_sec":312.2}]}
{"ts":1774028970.003566,"lvl":"INFO","script":"staleness_monitor","event":"check_complete","cycle":11,"total_ms":17.8}
{"ts":1774028999.8084154,"lvl":"INFO","script":"binance_spot","event":"stats","msgs_total":926320,"msgs_per_sec":1291.4,"flushes_total":47878,"avg_pipeline_ms":0.735}
{"ts":1774028999.808509,"lvl":"INFO","script":"binance_futures","event":"stats","msgs_total":2539374,"msgs_per_sec":3725.0,"flushes_total":40176,"avg_pipeline_ms":1.153}
{"ts":1774028999.8085427,"lvl":"INFO","script":"bybit_spot","event":"stats","msgs_total":425878,"msgs_per_sec":637.1,"flushes_total":28637,"avg_pipeline_ms":0.658}
{"ts":1774028999.809344,"lvl":"INFO","script":"bybit_futures","event":"stats","msgs_total":795168,"msgs_per_sec":1177.8,"flushes_total":29899,"avg_pipeline_ms":0.822}
{"ts":1774028999.8093834,"lvl":"INFO","script":"okx_spot","event":"stats","msgs_total":166158,"msgs_per_sec":253.9,"flushes_total":9996,"avg_pipeline_ms":0.791}
{"ts":1774028999.8094122,"lvl":"INFO","script":"okx_futures","event":"stats","msgs_total":309698,"msgs_per_sec":468.4,"flushes_total":15254,"avg_pipeline_ms":0.815}
{"ts":1774028999.8094354,"lvl":"INFO","script":"gate_spot","event":"stats","msgs_total":506261,"msgs_per_sec":698.5,"flushes_total":29150,"avg_pipeline_ms":0.684}
{"ts":1774028999.809457,"lvl":"INFO","script":"gate_futures","event":"stats","msgs_total":340593,"msgs_per_sec":510.1,"flushes_total":27933,"avg_pipeline_ms":0.612}
{"ts":1774029029.8087068,"lvl":"INFO","script":"binance_spot","event":"stats","msgs_total":970562,"msgs_per_sec":1474.7,"flushes_total":50143,"avg_pipeline_ms":0.734}
{"ts":1774029029.8088078,"lvl":"INFO","script":"binance_futures","event":"stats","msgs_total":2669879,"msgs_per_sec":4350.2,"flushes_total":42134,"avg_pipeline_ms":1.152}
{"ts":1774029029.8088522,"lvl":"INFO","script":"bybit_spot","event":"stats","msgs_total":444754,"msgs_per_sec":629.2,"flushes_total":29991,"avg_pipeline_ms":0.656}
{"ts":1774029029.809528,"lvl":"INFO","script":"bybit_futures","event":"stats","msgs_total":833296,"msgs_per_sec":1270.9,"flushes_total":31327,"avg_pipeline_ms":0.822}
{"ts":1774029029.8095737,"lvl":"INFO","script":"okx_spot","event":"stats","msgs_total":174678,"msgs_per_sec":284.0,"flushes_total":10545,"avg_pipeline_ms":0.787}
{"ts":1774029029.8096426,"lvl":"INFO","script":"okx_futures","event":"stats","msgs_total":323631,"msgs_per_sec":464.4,"flushes_total":15947,"avg_pipeline_ms":0.815}
{"ts":1774029029.8096755,"lvl":"INFO","script":"gate_spot","event":"stats","msgs_total":532876,"msgs_per_sec":887.2,"flushes_total":30557,"avg_pipeline_ms":0.685}
{"ts":1774029029.8097036,"lvl":"INFO","script":"gate_futures","event":"stats","msgs_total":358168,"msgs_per_sec":585.8,"flushes_total":29275,"avg_pipeline_ms":0.613}
{"ts":1774029030.003977,"lvl":"INFO","script":"staleness_monitor","event":"check_start","cycle":12,"pattern":"md:*"}
{"ts":1774029030.0076547,"lvl":"INFO","script":"staleness_monitor","event":"scan_complete","cycle":12,"keys_found":2935,"scan_ms":3.6}
{"ts":1774029030.024842,"lvl":"INFO","script":"staleness_monitor","event":"fetch_complete","cycle":12,"keys_fetched":2935,"fetch_ms":17.1}
{"ts":1774029030.025057,"lvl":"WARN","script":"staleness_monitor","event":"check","total_keys":2935,"keys_with_ts":2935,"keys_no_ts":0,"stale_count":7,"stale_threshold_sec":300,"scan_ms":3.6,"stale_by_source":{"gt:f":2,"gt:s":5},"top_stale":[{"key":"md:gt:s:GNOUSDT","age_sec":5180.5},{"key":"md:gt:f:WAVESUSDT","age_sec":4142.7},{"key":"md:gt:s:YZYUSDT","age_sec":3967.9},{"key":"md:gt:s:AVLUSDT","age_sec":619.8},{"key":"md:gt:s:BEAMUSDT","age_sec":593.3},{"key":"md:gt:s:C98USDT","age_sec":452.1},{"key":"md:gt:f:ZKJUSDT","age_sec":443.1}]}
{"ts":1774029030.0250704,"lvl":"INFO","script":"staleness_monitor","event":"check_complete","cycle":12,"total_ms":21.1}
{"ts":1774029059.8088844,"lvl":"INFO","script":"binance_spot","event":"stats","msgs_total":1017521,"msgs_per_sec":1565.3,"flushes_total":52369,"avg_pipeline_ms":0.743}
{"ts":1774029059.8089445,"lvl":"INFO","script":"binance_futures","event":"stats","msgs_total":2775923,"msgs_per_sec":3534.8,"flushes_total":43992,"avg_pipeline_ms":1.158}
{"ts":1774029059.8090057,"lvl":"INFO","script":"bybit_spot","event":"stats","msgs_total":463901,"msgs_per_sec":638.2,"flushes_total":31350,"avg_pipeline_ms":0.663}
{"ts":1774029059.8096,"lvl":"INFO","script":"bybit_futures","event":"stats","msgs_total":871463,"msgs_per_sec":1272.2,"flushes_total":32774,"avg_pipeline_ms":0.83}
{"ts":1774029059.809628,"lvl":"INFO","script":"okx_spot","event":"stats","msgs_total":181565,"msgs_per_sec":229.6,"flushes_total":11071,"avg_pipeline_ms":0.792}
{"ts":1774029059.8097792,"lvl":"INFO","script":"okx_futures","event":"stats","msgs_total":335927,"msgs_per_sec":409.9,"flushes_total":16590,"avg_pipeline_ms":0.821}
{"ts":1774029059.809794,"lvl":"INFO","script":"gate_spot","event":"stats","msgs_total":556076,"msgs_per_sec":773.3,"flushes_total":31942,"avg_pipeline_ms":0.691}
{"ts":1774029059.809807,"lvl":"INFO","script":"gate_futures","event":"stats","msgs_total":372756,"msgs_per_sec":486.3,"flushes_total":30583,"avg_pipeline_ms":0.616}
{"ts":1774029089.8101928,"lvl":"INFO","script":"binance_spot","event":"stats","msgs_total":1055546,"msgs_per_sec":1267.5,"flushes_total":54549,"avg_pipeline_ms":0.74}
{"ts":1774029089.8102903,"lvl":"INFO","script":"binance_futures","event":"stats","msgs_total":2903268,"msgs_per_sec":4244.8,"flushes_total":45911,"avg_pipeline_ms":1.158}
{"ts":1774029089.8103335,"lvl":"INFO","script":"bybit_spot","event":"stats","msgs_total":483395,"msgs_per_sec":649.8,"flushes_total":32715,"avg_pipeline_ms":0.66}
{"ts":1774029089.8107235,"lvl":"INFO","script":"bybit_futures","event":"stats","msgs_total":910826,"msgs_per_sec":1312.1,"flushes_total":34196,"avg_pipeline_ms":0.827}
{"ts":1774029089.8107736,"lvl":"INFO","script":"okx_spot","event":"stats","msgs_total":190170,"msgs_per_sec":286.8,"flushes_total":11607,"avg_pipeline_ms":0.791}
{"ts":1774029089.810806,"lvl":"INFO","script":"okx_futures","event":"stats","msgs_total":349537,"msgs_per_sec":453.7,"flushes_total":17311,"avg_pipeline_ms":0.818}
{"ts":1774029089.8113332,"lvl":"INFO","script":"gate_spot","event":"stats","msgs_total":578669,"msgs_per_sec":753.1,"flushes_total":33326,"avg_pipeline_ms":0.688}
{"ts":1774029089.8113937,"lvl":"INFO","script":"gate_futures","event":"stats","msgs_total":387725,"msgs_per_sec":499.0,"flushes_total":31907,"avg_pipeline_ms":0.614}
{"ts":1774029090.0251975,"lvl":"INFO","script":"staleness_monitor","event":"check_start","cycle":13,"pattern":"md:*"}
{"ts":1774029090.0278232,"lvl":"INFO","script":"staleness_monitor","event":"scan_complete","cycle":13,"keys_found":2935,"scan_ms":2.6}
{"ts":1774029090.04271,"lvl":"INFO","script":"staleness_monitor","event":"fetch_complete","cycle":13,"keys_fetched":2935,"fetch_ms":14.9}
{"ts":1774029090.0429165,"lvl":"WARN","script":"staleness_monitor","event":"check","total_keys":2935,"keys_with_ts":2935,"keys_no_ts":0,"stale_count":6,"stale_threshold_sec":300,"scan_ms":2.6,"stale_by_source":{"gt:f":2,"gt:s":4},"top_stale":[{"key":"md:gt:s:GNOUSDT","age_sec":5240.5},{"key":"md:gt:f:WAVESUSDT","age_sec":4202.7},{"key":"md:gt:s:YZYUSDT","age_sec":4027.9},{"key":"md:gt:s:AVLUSDT","age_sec":679.8},{"key":"md:gt:s:BEAMUSDT","age_sec":653.4},{"key":"md:gt:f:ZKJUSDT","age_sec":503.2}]}
{"ts":1774029090.04293,"lvl":"INFO","script":"staleness_monitor","event":"check_complete","cycle":13,"total_ms":17.7}
{"ts":1774029119.8104203,"lvl":"INFO","script":"binance_spot","event":"stats","msgs_total":1102820,"msgs_per_sec":1575.8,"flushes_total":56819,"avg_pipeline_ms":0.743}
{"ts":1774029119.8105679,"lvl":"INFO","script":"binance_futures","event":"stats","msgs_total":3041101,"msgs_per_sec":4594.4,"flushes_total":48006,"avg_pipeline_ms":1.16}
{"ts":1774029119.8106155,"lvl":"INFO","script":"bybit_spot","event":"stats","msgs_total":503141,"msgs_per_sec":658.2,"flushes_total":34079,"avg_pipeline_ms":0.663}
{"ts":1774029119.8108618,"lvl":"INFO","script":"bybit_futures","event":"stats","msgs_total":948454,"msgs_per_sec":1254.3,"flushes_total":35621,"avg_pipeline_ms":0.829}
{"ts":1774029119.8109255,"lvl":"INFO","script":"okx_spot","event":"stats","msgs_total":198300,"msgs_per_sec":271.0,"flushes_total":12118,"avg_pipeline_ms":0.798}
{"ts":1774029119.810963,"lvl":"INFO","script":"okx_futures","event":"stats","msgs_total":362924,"msgs_per_sec":446.2,"flushes_total":17992,"avg_pipeline_ms":0.819}
{"ts":1774029119.811442,"lvl":"INFO","script":"gate_spot","event":"stats","msgs_total":599667,"msgs_per_sec":699.9,"flushes_total":34700,"avg_pipeline_ms":0.69}
{"ts":1774029119.8114946,"lvl":"INFO","script":"gate_futures","event":"stats","msgs_total":403336,"msgs_per_sec":520.4,"flushes_total":33233,"avg_pipeline_ms":0.615}
