{"ts":1774056366.2915049,"lvl":"INFO","script":"run_all","event":"startup","collectors":["binance_spot","binance_futures","bybit_spot","bybit_futures","okx_spot","okx_futures","gate_spot","gate_futures","ob_binance_spot","ob_binance_futures","ob_bybit_spot","ob_bybit_futures","ob_okx_spot","ob_okx_futures","ob_gate_spot","ob_gate_futures"],"staleness_buckets":false,"log_dir":"/root/bali3.0/logs","chunk_hours":12,"max_chunks":2,"spread_delay_sec":0.0}
{"ts":1774056366.2915385,"lvl":"INFO","script":"run_all","event":"archived","folder":"/root/bali3.0/old/2026-03-21_02-26","note":"logs and signals moved before start"}
{"ts":1774056366.3097827,"lvl":"INFO","script":"run_all","event":"redis_flushed","deleted_keys":17906,"socket":"/var/run/redis/redis.sock"}
{"ts":1774056366.310087,"lvl":"INFO","script":"run_all","event":"collector_started","collector":"staleness_monitor"}
{"ts":1774056366.3138142,"lvl":"INFO","script":"run_all","event":"collector_started","collector":"binance_spot"}
{"ts":1774056366.3138278,"lvl":"INFO","script":"binance_spot","event":"startup"}
{"ts":1774056366.3138785,"lvl":"INFO","script":"binance_spot","event":"symbols_loaded","count":383,"file":"/root/bali3.0/dictionaries/subscribe/binance/binance_spot.txt"}
{"ts":1774056366.314299,"lvl":"INFO","script":"binance_spot","event":"redis_connected","socket":"/var/run/redis/redis.sock"}
{"ts":1774056366.3143103,"lvl":"INFO","script":"binance_spot","event":"subscribing","total_symbols":383,"connections":2}
{"ts":1774056366.314446,"lvl":"INFO","script":"run_all","event":"collector_started","collector":"binance_futures"}
{"ts":1774056366.3144526,"lvl":"INFO","script":"binance_futures","event":"startup"}
{"ts":1774056366.3144867,"lvl":"INFO","script":"binance_futures","event":"symbols_loaded","count":279,"file":"/root/bali3.0/dictionaries/subscribe/binance/binance_futures.txt"}
{"ts":1774056366.314781,"lvl":"INFO","script":"binance_futures","event":"redis_connected","socket":"/var/run/redis/redis.sock"}
{"ts":1774056366.3147898,"lvl":"INFO","script":"binance_futures","event":"subscribing","total_symbols":279,"connections":1}
{"ts":1774056366.3149076,"lvl":"INFO","script":"run_all","event":"collector_started","collector":"bybit_spot"}
{"ts":1774056366.3149137,"lvl":"INFO","script":"bybit_spot","event":"startup"}
{"ts":1774056366.314948,"lvl":"INFO","script":"bybit_spot","event":"symbols_loaded","count":341,"file":"/root/bali3.0/dictionaries/subscribe/bybit/bybit_spot.txt"}
{"ts":1774056366.3152292,"lvl":"INFO","script":"bybit_spot","event":"redis_connected","socket":"/var/run/redis/redis.sock"}
{"ts":1774056366.3153486,"lvl":"INFO","script":"run_all","event":"collector_started","collector":"bybit_futures"}
{"ts":1774056366.3153555,"lvl":"INFO","script":"bybit_futures","event":"startup"}
{"ts":1774056366.315397,"lvl":"INFO","script":"bybit_futures","event":"symbols_loaded","count":502,"file":"/root/bali3.0/dictionaries/subscribe/bybit/bybit_futures.txt"}
{"ts":1774056366.3156824,"lvl":"INFO","script":"bybit_futures","event":"redis_connected","socket":"/var/run/redis/redis.sock"}
{"ts":1774056366.3157992,"lvl":"INFO","script":"run_all","event":"collector_started","collector":"okx_spot"}
{"ts":1774056366.3158062,"lvl":"INFO","script":"okx_spot","event":"startup"}
{"ts":1774056366.3158371,"lvl":"INFO","script":"okx_spot","event":"symbols_loaded","count":278,"file":"/root/bali3.0/dictionaries/subscribe/okx/okx_spot.txt"}
{"ts":1774056366.3162038,"lvl":"INFO","script":"okx_spot","event":"redis_connected","socket":"/var/run/redis/redis.sock"}
{"ts":1774056366.3162146,"lvl":"INFO","script":"okx_spot","event":"subscribing","total_symbols":278,"connections":1}
{"ts":1774056366.31634,"lvl":"INFO","script":"run_all","event":"collector_started","collector":"okx_futures"}
{"ts":1774056366.3163471,"lvl":"INFO","script":"okx_futures","event":"startup"}
{"ts":1774056366.3163805,"lvl":"INFO","script":"okx_futures","event":"symbols_loaded","count":247,"file":"/root/bali3.0/dictionaries/subscribe/okx/okx_futures.txt"}
{"ts":1774056366.3167002,"lvl":"INFO","script":"okx_futures","event":"redis_connected","socket":"/var/run/redis/redis.sock"}
{"ts":1774056366.3167124,"lvl":"INFO","script":"okx_futures","event":"subscribing","total_symbols":247,"connections":1}
{"ts":1774056366.31683,"lvl":"INFO","script":"run_all","event":"collector_started","collector":"gate_spot"}
{"ts":1774056366.3168387,"lvl":"INFO","script":"gate_spot","event":"startup"}
{"ts":1774056366.3168862,"lvl":"INFO","script":"gate_spot","event":"symbols_loaded","count":540,"file":"/root/bali3.0/dictionaries/subscribe/gate/gate_spot.txt"}
{"ts":1774056366.317162,"lvl":"INFO","script":"gate_spot","event":"redis_connected","socket":"/var/run/redis/redis.sock"}
{"ts":1774056366.317277,"lvl":"INFO","script":"run_all","event":"collector_started","collector":"gate_futures"}
{"ts":1774056366.3172832,"lvl":"INFO","script":"gate_futures","event":"startup"}
{"ts":1774056366.3173256,"lvl":"INFO","script":"gate_futures","event":"symbols_loaded","count":465,"file":"/root/bali3.0/dictionaries/subscribe/gate/gate_futures.txt"}
{"ts":1774056366.3176086,"lvl":"INFO","script":"gate_futures","event":"redis_connected","socket":"/var/run/redis/redis.sock"}
{"ts":1774056366.3178475,"lvl":"INFO","script":"run_all","event":"collector_started","collector":"ob_binance_spot"}
{"ts":1774056366.3178556,"lvl":"INFO","script":"ob_binance_spot","event":"startup"}
{"ts":1774056366.3178937,"lvl":"INFO","script":"ob_binance_spot","event":"symbols_loaded","count":383,"file":"/root/bali3.0/dictionaries/subscribe/binance/binance_spot.txt"}
{"ts":1774056366.3181775,"lvl":"INFO","script":"ob_binance_spot","event":"redis_connected","socket":"/var/run/redis/redis.sock"}
{"ts":1774056366.3181875,"lvl":"INFO","script":"ob_binance_spot","event":"subscribing","total_symbols":383,"connections":2}
{"ts":1774056366.3183057,"lvl":"INFO","script":"run_all","event":"collector_started","collector":"ob_binance_futures"}
{"ts":1774056366.3183124,"lvl":"INFO","script":"ob_binance_futures","event":"startup"}
{"ts":1774056366.318345,"lvl":"INFO","script":"ob_binance_futures","event":"symbols_loaded","count":279,"file":"/root/bali3.0/dictionaries/subscribe/binance/binance_futures.txt"}
{"ts":1774056366.3186262,"lvl":"INFO","script":"ob_binance_futures","event":"redis_connected","socket":"/var/run/redis/redis.sock"}
{"ts":1774056366.3186362,"lvl":"INFO","script":"ob_binance_futures","event":"subscribing","total_symbols":279,"connections":2}
{"ts":1774056366.318767,"lvl":"INFO","script":"run_all","event":"collector_started","collector":"ob_bybit_spot"}
{"ts":1774056366.3187742,"lvl":"INFO","script":"ob_bybit_spot","event":"startup"}
{"ts":1774056366.3188078,"lvl":"INFO","script":"ob_bybit_spot","event":"symbols_loaded","count":341,"file":"/root/bali3.0/dictionaries/subscribe/bybit/bybit_spot.txt"}
{"ts":1774056366.3190904,"lvl":"INFO","script":"ob_bybit_spot","event":"redis_connected","socket":"/var/run/redis/redis.sock"}
{"ts":1774056366.3192115,"lvl":"INFO","script":"run_all","event":"collector_started","collector":"ob_bybit_futures"}
{"ts":1774056366.3192182,"lvl":"INFO","script":"ob_bybit_futures","event":"startup"}
{"ts":1774056366.3192582,"lvl":"INFO","script":"ob_bybit_futures","event":"symbols_loaded","count":502,"file":"/root/bali3.0/dictionaries/subscribe/bybit/bybit_futures.txt"}
{"ts":1774056366.319589,"lvl":"INFO","script":"ob_bybit_futures","event":"redis_connected","socket":"/var/run/redis/redis.sock"}
{"ts":1774056366.3197143,"lvl":"INFO","script":"run_all","event":"collector_started","collector":"ob_okx_spot"}
{"ts":1774056366.3197207,"lvl":"INFO","script":"ob_okx_spot","event":"startup"}
{"ts":1774056366.3197496,"lvl":"INFO","script":"ob_okx_spot","event":"symbols_loaded","count":278,"file":"/root/bali3.0/dictionaries/subscribe/okx/okx_spot.txt"}
{"ts":1774056366.3200765,"lvl":"INFO","script":"ob_okx_spot","event":"redis_connected","socket":"/var/run/redis/redis.sock"}
{"ts":1774056366.3200874,"lvl":"INFO","script":"ob_okx_spot","event":"subscribing","total_symbols":278,"connections":2}
{"ts":1774056366.3202171,"lvl":"INFO","script":"run_all","event":"collector_started","collector":"ob_okx_futures"}
{"ts":1774056366.3202271,"lvl":"INFO","script":"ob_okx_futures","event":"startup"}
{"ts":1774056366.3202574,"lvl":"INFO","script":"ob_okx_futures","event":"symbols_loaded","count":247,"file":"/root/bali3.0/dictionaries/subscribe/okx/okx_futures.txt"}
{"ts":1774056366.3205662,"lvl":"INFO","script":"ob_okx_futures","event":"redis_connected","socket":"/var/run/redis/redis.sock"}
{"ts":1774056366.3205752,"lvl":"INFO","script":"ob_okx_futures","event":"subscribing","total_symbols":247,"connections":2}
{"ts":1774056366.3206968,"lvl":"INFO","script":"run_all","event":"collector_started","collector":"ob_gate_spot"}
{"ts":1774056366.3207033,"lvl":"INFO","script":"ob_gate_spot","event":"startup"}
{"ts":1774056366.320752,"lvl":"INFO","script":"ob_gate_spot","event":"symbols_loaded","count":540,"file":"/root/bali3.0/dictionaries/subscribe/gate/gate_spot.txt"}
{"ts":1774056366.3210886,"lvl":"INFO","script":"ob_gate_spot","event":"redis_connected","socket":"/var/run/redis/redis.sock"}
{"ts":1774056366.3212168,"lvl":"INFO","script":"run_all","event":"collector_started","collector":"ob_gate_futures"}
{"ts":1774056366.321224,"lvl":"INFO","script":"ob_gate_futures","event":"startup"}
{"ts":1774056366.321267,"lvl":"INFO","script":"ob_gate_futures","event":"symbols_loaded","count":465,"file":"/root/bali3.0/dictionaries/subscribe/gate/gate_futures.txt"}
{"ts":1774056366.321545,"lvl":"INFO","script":"ob_gate_futures","event":"redis_connected","socket":"/var/run/redis/redis.sock"}
{"ts":1774056366.321568,"lvl":"INFO","script":"staleness_monitor","event":"startup","check_interval_sec":60,"stale_threshold_sec":300,"with_buckets":false}
{"ts":1774056366.3218389,"lvl":"INFO","script":"staleness_monitor","event":"redis_connected","socket":"/var/run/redis/redis.sock"}
{"ts":1774056366.3218472,"lvl":"INFO","script":"staleness_monitor","event":"check_start","cycle":1,"pattern":"md:??:?:*"}
{"ts":1774056366.322084,"lvl":"INFO","script":"run_all","event":"collector_started","collector":"spread_monitor"}
{"ts":1774056366.3220918,"lvl":"INFO","script":"spread_monitor","event":"startup","poll_interval_sec":0.3,"min_spread_pct":1.0,"stale_threshold_sec":300,"cooldown_sec":3500}
{"ts":1774056366.3225458,"lvl":"INFO","script":"spread_monitor","event":"directions_loaded","directions":12,"total_symbols":3256}
{"ts":1774056366.322555,"lvl":"INFO","script":"spread_monitor","event":"direction_loaded","direction":"binance_spot_bybit_futures","symbols":349,"spot_ex":"bn","fut_ex":"bb"}
{"ts":1774056366.322561,"lvl":"INFO","script":"spread_monitor","event":"direction_loaded","direction":"binance_spot_gate_futures","symbols":364,"spot_ex":"bn","fut_ex":"gt"}
{"ts":1774056366.3225653,"lvl":"INFO","script":"spread_monitor","event":"direction_loaded","direction":"binance_spot_okx_futures","symbols":201,"spot_ex":"bn","fut_ex":"ok"}
{"ts":1774056366.3225691,"lvl":"INFO","script":"spread_monitor","event":"direction_loaded","direction":"bybit_spot_binance_futures","symbols":181,"spot_ex":"bb","fut_ex":"bn"}
{"ts":1774056366.3225727,"lvl":"INFO","script":"spread_monitor","event":"direction_loaded","direction":"bybit_spot_gate_futures","symbols":316,"spot_ex":"bb","fut_ex":"gt"}
{"ts":1774056366.322576,"lvl":"INFO","script":"spread_monitor","event":"direction_loaded","direction":"bybit_spot_okx_futures","symbols":189,"spot_ex":"bb","fut_ex":"ok"}
{"ts":1774056366.3225796,"lvl":"INFO","script":"spread_monitor","event":"direction_loaded","direction":"gate_spot_binance_futures","symbols":270,"spot_ex":"gt","fut_ex":"bn"}
{"ts":1774056366.322583,"lvl":"INFO","script":"spread_monitor","event":"direction_loaded","direction":"gate_spot_bybit_futures","symbols":494,"spot_ex":"gt","fut_ex":"bb"}
{"ts":1774056366.3225863,"lvl":"INFO","script":"spread_monitor","event":"direction_loaded","direction":"gate_spot_okx_futures","symbols":245,"spot_ex":"gt","fut_ex":"ok"}
{"ts":1774056366.3225896,"lvl":"INFO","script":"spread_monitor","event":"direction_loaded","direction":"okx_spot_binance_futures","symbols":173,"spot_ex":"ok","fut_ex":"bn"}
{"ts":1774056366.322593,"lvl":"INFO","script":"spread_monitor","event":"direction_loaded","direction":"okx_spot_bybit_futures","symbols":229,"spot_ex":"ok","fut_ex":"bb"}
{"ts":1774056366.3226,"lvl":"INFO","script":"spread_monitor","event":"direction_loaded","direction":"okx_spot_gate_futures","symbols":245,"spot_ex":"ok","fut_ex":"gt"}
{"ts":1774056366.323422,"lvl":"INFO","script":"spread_monitor","event":"redis_connected","socket":"/var/run/redis/redis.sock"}
{"ts":1774056366.3234951,"lvl":"INFO","script":"spread_monitor","event":"signal_files_opened","signals_jsonl":"/root/bali3.0/signals/signals.jsonl","signals_csv":"/root/bali3.0/signals/signals.csv","anomalies_jsonl":"/root/bali3.0/signals/anomalies.jsonl","anomalies_csv":"/root/bali3.0/signals/anomalies.csv","anomaly_threshold_pct":100.0}
{"ts":1774056366.323553,"lvl":"INFO","script":"binance_spot","event":"connecting","chunk_symbols":300}
{"ts":1774056366.3280585,"lvl":"INFO","script":"binance_spot","event":"connecting","chunk_symbols":83}
{"ts":1774056366.329009,"lvl":"INFO","script":"binance_futures","event":"connecting","chunk_symbols":279}
{"ts":1774056366.3293786,"lvl":"INFO","script":"bybit_spot","event":"connecting","total_symbols":341}
{"ts":1774056366.3295224,"lvl":"INFO","script":"bybit_futures","event":"connecting","total_symbols":502}
{"ts":1774056366.3299491,"lvl":"INFO","script":"okx_spot","event":"connecting","chunk_symbols":278}
{"ts":1774056366.3300207,"lvl":"INFO","script":"okx_futures","event":"connecting","chunk_symbols":247}
{"ts":1774056366.3301396,"lvl":"INFO","script":"gate_spot","event":"connecting","total_symbols":540}
{"ts":1774056366.33025,"lvl":"INFO","script":"gate_futures","event":"connecting","total_symbols":465}
{"ts":1774056366.3305593,"lvl":"INFO","script":"ob_binance_spot","event":"connecting","chunk_symbols":200}
{"ts":1774056366.330638,"lvl":"INFO","script":"ob_binance_spot","event":"connecting","chunk_symbols":183}
{"ts":1774056366.330811,"lvl":"INFO","script":"ob_binance_futures","event":"connecting","chunk_symbols":200}
{"ts":1774056366.3310387,"lvl":"INFO","script":"ob_binance_futures","event":"connecting","chunk_symbols":79}
{"ts":1774056366.3311527,"lvl":"INFO","script":"ob_bybit_spot","event":"connecting","total_symbols":341}
{"ts":1774056366.331233,"lvl":"INFO","script":"ob_bybit_futures","event":"connecting","total_symbols":502}
{"ts":1774056366.3313475,"lvl":"INFO","script":"ob_okx_spot","event":"connecting","chunk_symbols":150}
{"ts":1774056366.331432,"lvl":"INFO","script":"ob_okx_futures","event":"connecting","chunk_symbols":150}
{"ts":1774056366.331638,"lvl":"INFO","script":"ob_gate_spot","event":"connecting","total_symbols":540}
{"ts":1774056366.3317444,"lvl":"INFO","script":"ob_gate_futures","event":"connecting","total_symbols":465}
{"ts":1774056366.3413765,"lvl":"INFO","script":"staleness_monitor","event":"scan_complete","cycle":1,"keys_found":0,"scan_ms":19.5}
{"ts":1774056366.341394,"lvl":"WARN","script":"staleness_monitor","event":"check","cycle":1,"total_keys":0,"stale_count":0,"msg":"No md:* keys found in Redis"}
{"ts":1774056366.4823694,"lvl":"INFO","script":"ob_okx_spot","event":"connecting","chunk_symbols":128}
{"ts":1774056366.4826324,"lvl":"INFO","script":"ob_okx_futures","event":"connecting","chunk_symbols":97}
{"ts":1774056366.838905,"lvl":"INFO","script":"ob_bybit_futures","event":"connected"}
{"ts":1774056366.8394375,"lvl":"INFO","script":"ob_bybit_spot","event":"connected"}
{"ts":1774056366.839517,"lvl":"INFO","script":"bybit_futures","event":"connected"}
{"ts":1774056366.8409002,"lvl":"INFO","script":"bybit_spot","event":"connected"}
{"ts":1774056366.9011343,"lvl":"INFO","script":"ob_bybit_futures","event":"subscribed","sub_batches":3,"total_symbols":502,"subscribe_ms":62.2}
{"ts":1774056366.901299,"lvl":"INFO","script":"bybit_futures","event":"subscribed","sub_batches":3,"total_symbols":502,"subscribe_ms":61.8}
{"ts":1774056366.9663074,"lvl":"INFO","script":"ob_okx_spot","event":"connected","chunk_symbols":150}
{"ts":1774056367.000046,"lvl":"INFO","script":"ob_okx_futures","event":"connected","chunk_symbols":150}
{"ts":1774056367.0036366,"lvl":"INFO","script":"ob_bybit_futures","event":"book_init","symbol":"0GUSDT","bid_levels":50,"ask_levels":50,"books_initialized":1}
{"ts":1774056367.0036883,"lvl":"INFO","script":"ob_bybit_futures","event":"first_message","ms_since_connected":164.7,"first_sym":"0GUSDT"}
{"ts":1774056367.0047274,"lvl":"INFO","script":"ob_bybit_futures","event":"book_init","symbol":"1000CATUSDT","bid_levels":50,"ask_levels":50,"books_initialized":2}
{"ts":1774056367.0047824,"lvl":"INFO","script":"ob_bybit_futures","event":"book_init","symbol":"1INCHUSDT","bid_levels":50,"ask_levels":50,"books_initialized":3}
{"ts":1774056367.0048187,"lvl":"INFO","script":"ob_bybit_futures","event":"book_init","symbol":"2ZUSDT","bid_levels":50,"ask_levels":50,"books_initialized":4}
{"ts":1774056367.0048523,"lvl":"INFO","script":"ob_bybit_futures","event":"book_init","symbol":"AAVEUSDT","bid_levels":50,"ask_levels":50,"books_initialized":5}
{"ts":1774056367.0049632,"lvl":"INFO","script":"ob_bybit_futures","event":"book_init","symbol":"ACEUSDT","bid_levels":50,"ask_levels":50,"books_initialized":6}
{"ts":1774056367.005051,"lvl":"INFO","script":"ob_bybit_futures","event":"book_init","symbol":"ACHUSDT","bid_levels":50,"ask_levels":50,"books_initialized":7}
{"ts":1774056367.0050879,"lvl":"INFO","script":"ob_bybit_futures","event":"book_init","symbol":"ACTUSDT","bid_levels":50,"ask_levels":50,"books_initialized":8}
{"ts":1774056367.0051205,"lvl":"INFO","script":"ob_bybit_futures","event":"book_init","symbol":"ACUUSDT","bid_levels":50,"ask_levels":50,"books_initialized":9}
{"ts":1774056367.0051508,"lvl":"INFO","script":"ob_bybit_futures","event":"book_init","symbol":"ACXUSDT","bid_levels":50,"ask_levels":50,"books_initialized":10}
{"ts":1774056367.0051808,"lvl":"INFO","script":"ob_bybit_futures","event":"book_init","symbol":"ADAUSDT","bid_levels":50,"ask_levels":50,"books_initialized":11}
{"ts":1774056367.0055256,"lvl":"INFO","script":"bybit_futures","event":"first_message","ms_since_connected":166.0,"first_sym":"0GUSDT"}
{"ts":1774056367.0065012,"lvl":"INFO","script":"okx_futures","event":"connected","chunk_symbols":247}
{"ts":1774056367.016476,"lvl":"INFO","script":"okx_spot","event":"connected","chunk_symbols":278}
{"ts":1774056367.082158,"lvl":"INFO","script":"ob_binance_futures","event":"connected","chunk_symbols":200,"note":"streams_embedded_in_url"}
{"ts":1774056367.0939271,"lvl":"INFO","script":"ob_binance_futures","event":"connected","chunk_symbols":79,"note":"streams_embedded_in_url"}
{"ts":1774056367.0950935,"lvl":"INFO","script":"ob_binance_futures","event":"first_message","chunk_symbols":200,"ms_since_connected":12.9,"first_sym":"BIOUSDT"}
{"ts":1774056367.1234903,"lvl":"INFO","script":"binance_futures","event":"connected","chunk_symbols":279,"subscribe_ms":0.0,"note":"streams_embedded_in_url"}
{"ts":1774056367.1374116,"lvl":"INFO","script":"ob_okx_spot","event":"connected","chunk_symbols":128}
{"ts":1774056367.1615713,"lvl":"INFO","script":"ob_bybit_futures","event":"book_init","symbol":"AERGOUSDT","bid_levels":50,"ask_levels":50,"books_initialized":12}
{"ts":1774056367.1636522,"lvl":"INFO","script":"ob_bybit_futures","event":"book_init","symbol":"AEROUSDT","bid_levels":50,"ask_levels":50,"books_initialized":13}
{"ts":1774056367.1637213,"lvl":"INFO","script":"ob_bybit_futures","event":"book_init","symbol":"AEVOUSDT","bid_levels":50,"ask_levels":50,"books_initialized":14}
{"ts":1774056367.1637614,"lvl":"INFO","script":"ob_bybit_futures","event":"book_init","symbol":"AGIUSDT","bid_levels":50,"ask_levels":50,"books_initialized":15}
{"ts":1774056367.1637943,"lvl":"INFO","script":"ob_bybit_futures","event":"book_init","symbol":"AGLDUSDT","bid_levels":50,"ask_levels":50,"books_initialized":16}
{"ts":1774056367.1638434,"lvl":"INFO","script":"ob_bybit_futures","event":"book_init","symbol":"AIOUSDT","bid_levels":50,"ask_levels":50,"books_initialized":17}
{"ts":1774056367.1638763,"lvl":"INFO","script":"ob_bybit_futures","event":"book_init","symbol":"AIOZUSDT","bid_levels":50,"ask_levels":50,"books_initialized":18}
{"ts":1774056367.163908,"lvl":"INFO","script":"ob_bybit_futures","event":"book_init","symbol":"AIXBTUSDT","bid_levels":50,"ask_levels":50,"books_initialized":19}
{"ts":1774056367.163943,"lvl":"INFO","script":"ob_bybit_futures","event":"book_init","symbol":"AKEUSDT","bid_levels":50,"ask_levels":50,"books_initialized":20}
{"ts":1774056367.1639736,"lvl":"INFO","script":"ob_bybit_futures","event":"book_init","symbol":"AKTUSDT","bid_levels":50,"ask_levels":50,"books_initialized":21}
{"ts":1774056367.1640043,"lvl":"INFO","script":"ob_bybit_futures","event":"book_init","symbol":"ALCHUSDT","bid_levels":50,"ask_levels":50,"books_initialized":22}
{"ts":1774056367.164035,"lvl":"INFO","script":"ob_bybit_futures","event":"book_init","symbol":"ALGOUSDT","bid_levels":50,"ask_levels":50,"books_initialized":23}
{"ts":1774056367.1640809,"lvl":"INFO","script":"ob_bybit_futures","event":"book_init","symbol":"ALICEUSDT","bid_levels":50,"ask_levels":50,"books_initialized":24}
{"ts":1774056367.1641116,"lvl":"INFO","script":"ob_bybit_futures","event":"book_init","symbol":"ALLOUSDT","bid_levels":50,"ask_levels":50,"books_initialized":25}
{"ts":1774056367.1641421,"lvl":"INFO","script":"ob_bybit_futures","event":"book_init","symbol":"ALPINEUSDT","bid_levels":50,"ask_levels":50,"books_initialized":26}
{"ts":1774056367.1641712,"lvl":"INFO","script":"ob_bybit_futures","event":"book_init","symbol":"ALTUSDT","bid_levels":50,"ask_levels":50,"books_initialized":27}
{"ts":1774056367.1642003,"lvl":"INFO","script":"ob_bybit_futures","event":"book_init","symbol":"ANIMEUSDT","bid_levels":50,"ask_levels":50,"books_initialized":28}
{"ts":1774056367.164229,"lvl":"INFO","script":"ob_bybit_futures","event":"book_init","symbol":"ANKRUSDT","bid_levels":50,"ask_levels":50,"books_initialized":29}
{"ts":1774056367.1642587,"lvl":"INFO","script":"ob_bybit_futures","event":"book_init","symbol":"APEUSDT","bid_levels":50,"ask_levels":50,"books_initialized":30}
{"ts":1774056367.1643066,"lvl":"INFO","script":"ob_bybit_futures","event":"book_init","symbol":"API3USDT","bid_levels":50,"ask_levels":50,"books_initialized":31}
{"ts":1774056367.1643384,"lvl":"INFO","script":"ob_bybit_futures","event":"book_init","symbol":"APTUSDT","bid_levels":50,"ask_levels":50,"books_initialized":32}
{"ts":1774056367.164372,"lvl":"INFO","script":"ob_bybit_futures","event":"book_init","symbol":"ARBUSDT","bid_levels":50,"ask_levels":50,"books_initialized":33}
{"ts":1774056367.1644018,"lvl":"INFO","script":"ob_bybit_futures","event":"book_init","symbol":"ARCUSDT","bid_levels":50,"ask_levels":50,"books_initialized":34}
{"ts":1774056367.1644979,"lvl":"INFO","script":"ob_bybit_futures","event":"book_init","symbol":"ARIAUSDT","bid_levels":50,"ask_levels":50,"books_initialized":35}
{"ts":1774056367.1646454,"lvl":"INFO","script":"ob_bybit_futures","event":"book_init","symbol":"ARKMUSDT","bid_levels":50,"ask_levels":50,"books_initialized":36}
{"ts":1774056367.164676,"lvl":"INFO","script":"ob_bybit_futures","event":"book_init","symbol":"ARKUSDT","bid_levels":50,"ask_levels":50,"books_initialized":37}
{"ts":1774056367.1647196,"lvl":"INFO","script":"ob_bybit_futures","event":"book_init","symbol":"ARPAUSDT","bid_levels":50,"ask_levels":50,"books_initialized":38}
{"ts":1774056367.1647496,"lvl":"INFO","script":"ob_bybit_futures","event":"book_init","symbol":"ARUSDT","bid_levels":50,"ask_levels":50,"books_initialized":39}
{"ts":1774056367.1647859,"lvl":"INFO","script":"ob_bybit_futures","event":"book_init","symbol":"ASPUSDT","bid_levels":50,"ask_levels":50,"books_initialized":40}
{"ts":1774056367.1648502,"lvl":"INFO","script":"ob_bybit_futures","event":"book_init","symbol":"ASRUSDT","bid_levels":50,"ask_levels":50,"books_initialized":41}
{"ts":1774056367.164882,"lvl":"INFO","script":"ob_bybit_futures","event":"book_init","symbol":"ASTERUSDT","bid_levels":50,"ask_levels":50,"books_initialized":42}
{"ts":1774056367.164945,"lvl":"INFO","script":"ob_bybit_futures","event":"book_init","symbol":"ASTRUSDT","bid_levels":50,"ask_levels":50,"books_initialized":43}
{"ts":1774056367.1649761,"lvl":"INFO","script":"ob_bybit_futures","event":"book_init","symbol":"ATHUSDT","bid_levels":50,"ask_levels":50,"books_initialized":44}
{"ts":1774056367.1650248,"lvl":"INFO","script":"ob_bybit_futures","event":"book_init","symbol":"ATOMUSDT","bid_levels":50,"ask_levels":50,"books_initialized":45}
{"ts":1774056367.1650555,"lvl":"INFO","script":"ob_bybit_futures","event":"book_init","symbol":"ATUSDT","bid_levels":50,"ask_levels":50,"books_initialized":46}
{"ts":1774056367.1650856,"lvl":"INFO","script":"ob_bybit_futures","event":"book_init","symbol":"AUCTIONUSDT","bid_levels":50,"ask_levels":50,"books_initialized":47}
{"ts":1774056367.165115,"lvl":"INFO","script":"ob_bybit_futures","event":"book_init","symbol":"AUSDT","bid_levels":50,"ask_levels":50,"books_initialized":48}
{"ts":1774056367.1715863,"lvl":"INFO","script":"ob_okx_futures","event":"connected","chunk_symbols":97}
{"ts":1774056367.1794574,"lvl":"INFO","script":"binance_futures","event":"first_message","chunk_symbols":279,"ms_since_connected":56.0,"first_sym":"BTCUSDT"}
{"ts":1774056367.185296,"lvl":"INFO","script":"ob_binance_futures","event":"first_message","chunk_symbols":79,"ms_since_connected":91.3,"first_sym":"STEEMUSDT"}
{"ts":1774056367.3216846,"lvl":"INFO","script":"gate_futures","event":"connected"}
{"ts":1774056367.3269706,"lvl":"INFO","script":"ob_binance_spot","event":"connected","chunk_symbols":183,"note":"streams_embedded_in_url"}
{"ts":1774056367.3275738,"lvl":"INFO","script":"ob_bybit_futures","event":"book_init","symbol":"AVAAIUSDT","bid_levels":50,"ask_levels":50,"books_initialized":49}
{"ts":1774056367.3276336,"lvl":"INFO","script":"ob_bybit_futures","event":"book_init","symbol":"AVAUSDT","bid_levels":50,"ask_levels":50,"books_initialized":50}
{"ts":1774056367.3276715,"lvl":"INFO","script":"ob_bybit_futures","event":"book_init","symbol":"AVAXUSDT","bid_levels":50,"ask_levels":50,"books_initialized":51}
{"ts":1774056367.3277142,"lvl":"INFO","script":"ob_bybit_futures","event":"book_init","symbol":"AVLUSDT","bid_levels":50,"ask_levels":50,"books_initialized":52}
{"ts":1774056367.3277464,"lvl":"INFO","script":"ob_bybit_futures","event":"book_init","symbol":"AVNTUSDT","bid_levels":50,"ask_levels":50,"books_initialized":53}
{"ts":1774056367.3278525,"lvl":"INFO","script":"ob_bybit_futures","event":"book_init","symbol":"AWEUSDT","bid_levels":50,"ask_levels":50,"books_initialized":54}
{"ts":1774056367.3279011,"lvl":"INFO","script":"ob_bybit_futures","event":"book_init","symbol":"AXLUSDT","bid_levels":50,"ask_levels":50,"books_initialized":55}
{"ts":1774056367.3279324,"lvl":"INFO","script":"ob_bybit_futures","event":"book_init","symbol":"AXSUSDT","bid_levels":50,"ask_levels":50,"books_initialized":56}
{"ts":1774056367.3280454,"lvl":"INFO","script":"ob_bybit_futures","event":"book_init","symbol":"AZTECUSDT","bid_levels":50,"ask_levels":50,"books_initialized":57}
{"ts":1774056367.328078,"lvl":"INFO","script":"ob_bybit_futures","event":"book_init","symbol":"B2USDT","bid_levels":50,"ask_levels":50,"books_initialized":58}
{"ts":1774056367.3281188,"lvl":"INFO","script":"ob_bybit_futures","event":"book_init","symbol":"B3USDT","bid_levels":50,"ask_levels":50,"books_initialized":59}
{"ts":1774056367.328149,"lvl":"INFO","script":"ob_bybit_futures","event":"book_init","symbol":"BABYUSDT","bid_levels":50,"ask_levels":50,"books_initialized":60}
{"ts":1774056367.328183,"lvl":"INFO","script":"ob_bybit_futures","event":"book_init","symbol":"BANANAS31USDT","bid_levels":50,"ask_levels":50,"books_initialized":61}
